{"C:\\Users\\Lucas\\Documents\\GitHub\\prisma-ui\\packages\\sales\\src\\index.ts": {"path":"C:\\Users\\Lucas\\Documents\\GitHub\\prisma-ui\\packages\\sales\\src\\index.ts","statementMap":{"0":{"start":{"line":1,"column":0},"end":{"line":1,"column":25}},"1":{"start":{"line":4,"column":0},"end":{"line":4,"column":42}},"2":{"start":{"line":5,"column":0},"end":{"line":5,"column":41}},"3":{"start":{"line":6,"column":0},"end":{"line":6,"column":44}},"4":{"start":{"line":7,"column":0},"end":{"line":7,"column":49}},"5":{"start":{"line":8,"column":0},"end":{"line":8,"column":47}},"6":{"start":{"line":9,"column":0},"end":{"line":9,"column":46}},"7":{"start":{"line":10,"column":0},"end":{"line":10,"column":39}},"8":{"start":{"line":11,"column":0},"end":{"line":11,"column":50}},"9":{"start":{"line":14,"column":0},"end":{"line":14,"column":49}},"10":{"start":{"line":15,"column":0},"end":{"line":15,"column":55}},"11":{"start":{"line":16,"column":0},"end":{"line":16,"column":52}},"12":{"start":{"line":17,"column":0},"end":{"line":17,"column":50}},"13":{"start":{"line":18,"column":0},"end":{"line":18,"column":47}},"14":{"start":{"line":19,"column":0},"end":{"line":19,"column":44}},"15":{"start":{"line":20,"column":0},"end":{"line":20,"column":55}},"16":{"start":{"line":21,"column":0},"end":{"line":21,"column":50}},"17":{"start":{"line":22,"column":0},"end":{"line":22,"column":50}},"18":{"start":{"line":23,"column":0},"end":{"line":23,"column":51}},"19":{"start":{"line":24,"column":0},"end":{"line":24,"column":48}},"20":{"start":{"line":25,"column":0},"end":{"line":25,"column":53}},"21":{"start":{"line":26,"column":0},"end":{"line":26,"column":51}},"22":{"start":{"line":29,"column":0},"end":{"line":29,"column":51}},"23":{"start":{"line":30,"column":0},"end":{"line":30,"column":51}},"24":{"start":{"line":31,"column":0},"end":{"line":31,"column":54}},"25":{"start":{"line":32,"column":0},"end":{"line":32,"column":49}},"26":{"start":{"line":33,"column":0},"end":{"line":33,"column":49}},"27":{"start":{"line":34,"column":0},"end":{"line":34,"column":53}},"28":{"start":{"line":35,"column":0},"end":{"line":35,"column":45}},"29":{"start":{"line":36,"column":0},"end":{"line":36,"column":46}},"30":{"start":{"line":37,"column":0},"end":{"line":37,"column":45}},"31":{"start":{"line":38,"column":0},"end":{"line":38,"column":59}},"32":{"start":{"line":39,"column":0},"end":{"line":39,"column":58}},"33":{"start":{"line":40,"column":0},"end":{"line":40,"column":55}},"34":{"start":{"line":41,"column":0},"end":{"line":41,"column":58}},"35":{"start":{"line":42,"column":0},"end":{"line":42,"column":52}},"36":{"start":{"line":43,"column":0},"end":{"line":43,"column":56}},"37":{"start":{"line":44,"column":0},"end":{"line":44,"column":56}},"38":{"start":{"line":47,"column":0},"end":{"line":47,"column":53}},"39":{"start":{"line":48,"column":0},"end":{"line":48,"column":57}}},"fnMap":{},"branchMap":{},"s":{"0":8,"1":8,"2":8,"3":8,"4":8,"5":8,"6":8,"7":8,"8":8,"9":8,"10":8,"11":8,"12":8,"13":8,"14":8,"15":8,"16":8,"17":8,"18":8,"19":8,"20":8,"21":8,"22":8,"23":8,"24":8,"25":8,"26":8,"27":8,"28":8,"29":8,"30":8,"31":8,"32":8,"33":8,"34":8,"35":8,"36":8,"37":8,"38":8,"39":8},"f":{},"b":{}}
,"C:\\Users\\Lucas\\Documents\\GitHub\\prisma-ui\\packages\\sales\\src\\components\\atoms\\Badge.tsx": {"path":"C:\\Users\\Lucas\\Documents\\GitHub\\prisma-ui\\packages\\sales\\src\\components\\atoms\\Badge.tsx","statementMap":{"0":{"start":{"line":29,"column":0},"end":{"line":29,"column":16}},"1":{"start":{"line":1,"column":0},"end":{"line":1,"column":54}},"2":{"start":{"line":24,"column":4},"end":{"line":27,"column":2}},"3":{"start":{"line":36,"column":37},"end":{"line":36,"column":47}},"4":{"start":{"line":37,"column":21},"end":{"line":37,"column":35}},"5":{"start":{"line":39,"column":45},"end":{"line":46,"column":4}},"6":{"start":{"line":48,"column":17},"end":{"line":48,"column":30}},"7":{"start":{"line":50,"column":60},"end":{"line":54,"column":4}},"8":{"start":{"line":56,"column":54},"end":{"line":60,"column":4}},"9":{"start":{"line":62,"column":56},"end":{"line":66,"column":4}},"10":{"start":{"line":68,"column":2},"end":{"line":101,"column":4}}},"fnMap":{"0":{"name":"Badge","decl":{"start":{"line":29,"column":16},"end":{"line":29,"column":21}},"loc":{"start":{"line":35,"column":13},"end":{"line":102,"column":1}}}},"branchMap":{"0":{"loc":{"start":{"line":31,"column":2},"end":{"line":31,"column":16}},"type":"default-arg","locations":[{"start":{"line":31,"column":9},"end":{"line":31,"column":16}}]},"1":{"loc":{"start":{"line":32,"column":2},"end":{"line":32,"column":20}},"type":"default-arg","locations":[{"start":{"line":32,"column":12},"end":{"line":32,"column":20}}]},"2":{"loc":{"start":{"line":33,"column":2},"end":{"line":33,"column":13}},"type":"default-arg","locations":[{"start":{"line":33,"column":9},"end":{"line":33,"column":13}}]},"3":{"loc":{"start":{"line":87,"column":7},"end":{"line":97,"column":null}},"type":"binary-expr","locations":[{"start":{"line":87,"column":7},"end":{"line":87,"column":11}},{"start":{"line":88,"column":8},"end":{"line":96,"column":null}}]}},"s":{"0":8,"1":8,"2":8,"3":0,"4":0,"5":0,"6":0,"7":0,"8":0,"9":0,"10":0},"f":{"0":0},"b":{"0":[0],"1":[0],"2":[0],"3":[0,0]}}
,"C:\\Users\\Lucas\\Documents\\GitHub\\prisma-ui\\packages\\sales\\src\\components\\atoms\\Button.tsx": {"path":"C:\\Users\\Lucas\\Documents\\GitHub\\prisma-ui\\packages\\sales\\src\\components\\atoms\\Button.tsx","statementMap":{"0":{"start":{"line":31,"column":0},"end":{"line":31,"column":16}},"1":{"start":{"line":1,"column":0},"end":{"line":1,"column":40}},"2":{"start":{"line":2,"column":0},"end":{"line":2,"column":null}},"3":{"start":{"line":25,"column":4},"end":{"line":29,"column":2}},"4":{"start":{"line":43,"column":16},"end":{"line":43,"column":26}},"5":{"start":{"line":44,"column":49},"end":{"line":44,"column":54}},"6":{"start":{"line":45,"column":32},"end":{"line":45,"column":47}},"7":{"start":{"line":46,"column":32},"end":{"line":46,"column":47}},"8":{"start":{"line":47,"column":32},"end":{"line":47,"column":47}},"9":{"start":{"line":49,"column":50},"end":{"line":55,"column":4}},"10":{"start":{"line":57,"column":20},"end":{"line":57,"column":53}},"11":{"start":{"line":59,"column":21},"end":{"line":59,"column":35}},"12":{"start":{"line":60,"column":21},"end":{"line":60,"column":49}},"13":{"start":{"line":61,"column":19},"end":{"line":61,"column":47}},"14":{"start":{"line":63,"column":61},"end":{"line":67,"column":4}},"15":{"start":{"line":69,"column":55},"end":{"line":73,"column":4}},"16":{"start":{"line":75,"column":57},"end":{"line":79,"column":4}},"17":{"start":{"line":81,"column":57},"end":{"line":85,"column":4}},"18":{"start":{"line":87,"column":58},"end":{"line":91,"column":4}},"19":{"start":{"line":94,"column":4},"end":{"line":96,"column":38}},"20":{"start":{"line":98,"column":4},"end":{"line":98,"column":72}},"21":{"start":{"line":100,"column":23},"end":{"line":102,"column":49}},"22":{"start":{"line":104,"column":2},"end":{"line":208,"column":4}},"23":{"start":{"line":110,"column":8},"end":{"line":110,"column":25}},"24":{"start":{"line":111,"column":8},"end":{"line":111,"column":35}},"25":{"start":{"line":114,"column":8},"end":{"line":114,"column":26}},"26":{"start":{"line":115,"column":8},"end":{"line":115,"column":26}},"27":{"start":{"line":116,"column":8},"end":{"line":116,"column":35}},"28":{"start":{"line":119,"column":8},"end":{"line":121,"column":9}},"29":{"start":{"line":120,"column":10},"end":{"line":120,"column":27}},"30":{"start":{"line":122,"column":8},"end":{"line":122,"column":34}},"31":{"start":{"line":125,"column":8},"end":{"line":125,"column":26}},"32":{"start":{"line":126,"column":8},"end":{"line":126,"column":32}},"33":{"start":{"line":129,"column":8},"end":{"line":129,"column":25}},"34":{"start":{"line":130,"column":8},"end":{"line":130,"column":30}},"35":{"start":{"line":133,"column":8},"end":{"line":133,"column":26}},"36":{"start":{"line":134,"column":8},"end":{"line":134,"column":26}},"37":{"start":{"line":135,"column":8},"end":{"line":135,"column":29}}},"fnMap":{"0":{"name":"Button","decl":{"start":{"line":31,"column":16},"end":{"line":31,"column":22}},"loc":{"start":{"line":42,"column":14},"end":{"line":209,"column":1}}},"1":{"name":"(anonymous_1)","decl":{"start":{"line":109,"column":20},"end":{"line":109,"column":21}},"loc":{"start":{"line":109,"column":30},"end":{"line":112,"column":7}}},"2":{"name":"(anonymous_2)","decl":{"start":{"line":113,"column":20},"end":{"line":113,"column":21}},"loc":{"start":{"line":113,"column":30},"end":{"line":117,"column":7}}},"3":{"name":"(anonymous_3)","decl":{"start":{"line":118,"column":19},"end":{"line":118,"column":20}},"loc":{"start":{"line":118,"column":29},"end":{"line":123,"column":7}}},"4":{"name":"(anonymous_4)","decl":{"start":{"line":124,"column":17},"end":{"line":124,"column":18}},"loc":{"start":{"line":124,"column":27},"end":{"line":127,"column":7}}},"5":{"name":"(anonymous_5)","decl":{"start":{"line":128,"column":15},"end":{"line":128,"column":16}},"loc":{"start":{"line":128,"column":25},"end":{"line":131,"column":7}}},"6":{"name":"(anonymous_6)","decl":{"start":{"line":132,"column":14},"end":{"line":132,"column":15}},"loc":{"start":{"line":132,"column":24},"end":{"line":136,"column":7}}}},"branchMap":{"0":{"loc":{"start":{"line":33,"column":2},"end":{"line":33,"column":16}},"type":"default-arg","locations":[{"start":{"line":33,"column":9},"end":{"line":33,"column":16}}]},"1":{"loc":{"start":{"line":34,"column":2},"end":{"line":34,"column":19}},"type":"default-arg","locations":[{"start":{"line":34,"column":12},"end":{"line":34,"column":19}}]},"2":{"loc":{"start":{"line":35,"column":2},"end":{"line":35,"column":13}},"type":"default-arg","locations":[{"start":{"line":35,"column":9},"end":{"line":35,"column":13}}]},"3":{"loc":{"start":{"line":57,"column":20},"end":{"line":57,"column":53}},"type":"binary-expr","locations":[{"start":{"line":57,"column":20},"end":{"line":57,"column":37}},{"start":{"line":57,"column":41},"end":{"line":57,"column":53}}]},"4":{"loc":{"start":{"line":94,"column":4},"end":{"line":96,"column":38}},"type":"cond-expr","locations":[{"start":{"line":95,"column":8},"end":{"line":95,"column":37}},{"start":{"line":96,"column":8},"end":{"line":96,"column":38}}]},"5":{"loc":{"start":{"line":98,"column":4},"end":{"line":98,"column":72}},"type":"cond-expr","locations":[{"start":{"line":98,"column":26},"end":{"line":98,"column":42}},{"start":{"line":98,"column":45},"end":{"line":98,"column":72}}]},"6":{"loc":{"start":{"line":100,"column":23},"end":{"line":102,"column":49}},"type":"cond-expr","locations":[{"start":{"line":101,"column":6},"end":{"line":101,"column":19}},{"start":{"line":102,"column":6},"end":{"line":102,"column":49}}]},"7":{"loc":{"start":{"line":102,"column":6},"end":{"line":102,"column":49}},"type":"binary-expr","locations":[{"start":{"line":102,"column":6},"end":{"line":102,"column":28}},{"start":{"line":102,"column":32},"end":{"line":102,"column":49}}]},"8":{"loc":{"start":{"line":119,"column":8},"end":{"line":121,"column":9}},"type":"if","locations":[{"start":{"line":119,"column":8},"end":{"line":121,"column":9}},{"start":{},"end":{}}]},"9":{"loc":{"start":{"line":119,"column":12},"end":{"line":119,"column":43}},"type":"binary-expr","locations":[{"start":{"line":119,"column":12},"end":{"line":119,"column":30}},{"start":{"line":119,"column":34},"end":{"line":119,"column":43}}]},"10":{"loc":{"start":{"line":145,"column":10},"end":{"line":145,"column":null}},"type":"cond-expr","locations":[{"start":{"line":145,"column":21},"end":{"line":145,"column":50}},{"start":{"line":145,"column":53},"end":{"line":145,"column":null}}]},"11":{"loc":{"start":{"line":147,"column":20},"end":{"line":153,"column":40}},"type":"cond-expr","locations":[{"start":{"line":148,"column":12},"end":{"line":148,"column":30}},{"start":{"line":149,"column":12},"end":{"line":153,"column":40}}]},"12":{"loc":{"start":{"line":149,"column":12},"end":{"line":153,"column":40}},"type":"cond-expr","locations":[{"start":{"line":150,"column":12},"end":{"line":150,"column":37}},{"start":{"line":151,"column":12},"end":{"line":153,"column":40}}]},"13":{"loc":{"start":{"line":151,"column":12},"end":{"line":153,"column":40}},"type":"cond-expr","locations":[{"start":{"line":152,"column":12},"end":{"line":152,"column":36}},{"start":{"line":153,"column":12},"end":{"line":153,"column":40}}]},"14":{"loc":{"start":{"line":161,"column":15},"end":{"line":161,"column":42}},"type":"cond-expr","locations":[{"start":{"line":161,"column":27},"end":{"line":161,"column":33}},{"start":{"line":161,"column":36},"end":{"line":161,"column":42}}]},"15":{"loc":{"start":{"line":162,"column":16},"end":{"line":162,"column":52}},"type":"cond-expr","locations":[{"start":{"line":162,"column":27},"end":{"line":162,"column":40}},{"start":{"line":162,"column":43},"end":{"line":162,"column":52}}]},"16":{"loc":{"start":{"line":163,"column":19},"end":{"line":163,"column":64}},"type":"cond-expr","locations":[{"start":{"line":163,"column":29},"end":{"line":163,"column":46}},{"start":{"line":163,"column":49},"end":{"line":163,"column":64}}]},"17":{"loc":{"start":{"line":170,"column":19},"end":{"line":174,"column":18}},"type":"cond-expr","locations":[{"start":{"line":171,"column":12},"end":{"line":171,"column":42}},{"start":{"line":172,"column":12},"end":{"line":174,"column":18}}]},"18":{"loc":{"start":{"line":172,"column":12},"end":{"line":174,"column":18}},"type":"cond-expr","locations":[{"start":{"line":173,"column":12},"end":{"line":173,"column":55}},{"start":{"line":174,"column":12},"end":{"line":174,"column":18}}]},"19":{"loc":{"start":{"line":172,"column":12},"end":{"line":172,"column":32}},"type":"binary-expr","locations":[{"start":{"line":172,"column":12},"end":{"line":172,"column":19}},{"start":{"line":172,"column":23},"end":{"line":172,"column":32}}]},"20":{"loc":{"start":{"line":180,"column":7},"end":{"line":191,"column":null}},"type":"binary-expr","locations":[{"start":{"line":180,"column":7},"end":{"line":180,"column":15}},{"start":{"line":181,"column":8},"end":{"line":190,"column":null}}]},"21":{"loc":{"start":{"line":187,"column":23},"end":{"line":187,"column":59}},"type":"cond-expr","locations":[{"start":{"line":187,"column":33},"end":{"line":187,"column":46}},{"start":{"line":187,"column":49},"end":{"line":187,"column":59}}]},"22":{"loc":{"start":{"line":194,"column":7},"end":{"line":205,"column":null}},"type":"binary-expr","locations":[{"start":{"line":194,"column":7},"end":{"line":194,"column":16}},{"start":{"line":195,"column":8},"end":{"line":204,"column":null}}]},"23":{"loc":{"start":{"line":201,"column":23},"end":{"line":201,"column":59}},"type":"cond-expr","locations":[{"start":{"line":201,"column":33},"end":{"line":201,"column":46}},{"start":{"line":201,"column":49},"end":{"line":201,"column":59}}]}},"s":{"0":8,"1":8,"2":8,"3":8,"4":36,"5":36,"6":36,"7":36,"8":36,"9":36,"10":36,"11":36,"12":36,"13":36,"14":36,"15":36,"16":36,"17":36,"18":36,"19":36,"20":36,"21":36,"22":36,"23":0,"24":0,"25":0,"26":0,"27":0,"28":0,"29":0,"30":0,"31":0,"32":0,"33":0,"34":0,"35":0,"36":0,"37":0},"f":{"0":36,"1":0,"2":0,"3":0,"4":0,"5":0,"6":0},"b":{"0":[33],"1":[3],"2":[34],"3":[36,0],"4":[3,33],"5":[3,33],"6":[9,27],"7":[27,0],"8":[0,0],"9":[0,0],"10":[9,27],"11":[9,27],"12":[0,27],"13":[0,27],"14":[2,34],"15":[9,27],"16":[0,36],"17":[0,36],"18":[0,36],"19":[36,0],"20":[36,0],"21":[0,0],"22":[36,0],"23":[0,0]}}
,"C:\\Users\\Lucas\\Documents\\GitHub\\prisma-ui\\packages\\sales\\src\\components\\atoms\\DiscountBadge.tsx": {"path":"C:\\Users\\Lucas\\Documents\\GitHub\\prisma-ui\\packages\\sales\\src\\components\\atoms\\DiscountBadge.tsx","statementMap":{"0":{"start":{"line":7,"column":0},"end":{"line":7,"column":16}},"1":{"start":{"line":1,"column":0},"end":{"line":1,"column":54}},"2":{"start":{"line":8,"column":37},"end":{"line":8,"column":47}},"3":{"start":{"line":10,"column":21},"end":{"line":10,"column":56}},"4":{"start":{"line":11,"column":17},"end":{"line":11,"column":51}},"5":{"start":{"line":12,"column":17},"end":{"line":12,"column":62}},"6":{"start":{"line":14,"column":2},"end":{"line":35,"column":4}}},"fnMap":{"0":{"name":"DiscountBadge","decl":{"start":{"line":7,"column":16},"end":{"line":7,"column":29}},"loc":{"start":{"line":7,"column":61},"end":{"line":36,"column":1}}}},"branchMap":{},"s":{"0":8,"1":8,"2":3,"3":3,"4":3,"5":3,"6":3},"f":{"0":3},"b":{}}
,"C:\\Users\\Lucas\\Documents\\GitHub\\prisma-ui\\packages\\sales\\src\\components\\atoms\\FavoriteButton.tsx": {"path":"C:\\Users\\Lucas\\Documents\\GitHub\\prisma-ui\\packages\\sales\\src\\components\\atoms\\FavoriteButton.tsx","statementMap":{"0":{"start":{"line":13,"column":0},"end":{"line":13,"column":16}},"1":{"start":{"line":1,"column":0},"end":{"line":1,"column":43}},"2":{"start":{"line":2,"column":0},"end":{"line":2,"column":37}},"3":{"start":{"line":21,"column":42},"end":{"line":21,"column":52}},"4":{"start":{"line":22,"column":16},"end":{"line":22,"column":59}},"5":{"start":{"line":24,"column":2},"end":{"line":48,"column":4}}},"fnMap":{"0":{"name":"FavoriteButton","decl":{"start":{"line":13,"column":16},"end":{"line":13,"column":30}},"loc":{"start":{"line":20,"column":22},"end":{"line":49,"column":1}}}},"branchMap":{"0":{"loc":{"start":{"line":16,"column":2},"end":{"line":16,"column":11}},"type":"default-arg","locations":[{"start":{"line":16,"column":9},"end":{"line":16,"column":11}}]},"1":{"loc":{"start":{"line":17,"column":2},"end":{"line":17,"column":42}},"type":"default-arg","locations":[{"start":{"line":17,"column":17},"end":{"line":17,"column":42}}]},"2":{"loc":{"start":{"line":18,"column":2},"end":{"line":18,"column":43}},"type":"default-arg","locations":[{"start":{"line":18,"column":20},"end":{"line":18,"column":43}}]},"3":{"loc":{"start":{"line":19,"column":2},"end":{"line":19,"column":15}},"type":"default-arg","locations":[{"start":{"line":19,"column":14},"end":{"line":19,"column":15}}]},"4":{"loc":{"start":{"line":22,"column":16},"end":{"line":22,"column":59}},"type":"cond-expr","locations":[{"start":{"line":22,"column":29},"end":{"line":22,"column":44}},{"start":{"line":22,"column":47},"end":{"line":22,"column":59}}]},"5":{"loc":{"start":{"line":37,"column":10},"end":{"line":38,"column":25}},"type":"binary-expr","locations":[{"start":{"line":37,"column":10},"end":{"line":37,"column":73}},{"start":{"line":38,"column":10},"end":{"line":38,"column":25}}]},"6":{"loc":{"start":{"line":44,"column":14},"end":{"line":44,"column":48}},"type":"cond-expr","locations":[{"start":{"line":44,"column":27},"end":{"line":44,"column":39}},{"start":{"line":44,"column":42},"end":{"line":44,"column":48}}]}},"s":{"0":8,"1":8,"2":8,"3":3,"4":3,"5":3},"f":{"0":3},"b":{"0":[3],"1":[3],"2":[3],"3":[3],"4":[0,3],"5":[3,0],"6":[0,3]}}
,"C:\\Users\\Lucas\\Documents\\GitHub\\prisma-ui\\packages\\sales\\src\\components\\atoms\\PriceTag.tsx": {"path":"C:\\Users\\Lucas\\Documents\\GitHub\\prisma-ui\\packages\\sales\\src\\components\\atoms\\PriceTag.tsx","statementMap":{"0":{"start":{"line":12,"column":0},"end":{"line":12,"column":16}},"1":{"start":{"line":1,"column":0},"end":{"line":1,"column":43}},"2":{"start":{"line":2,"column":0},"end":{"line":2,"column":48}},"3":{"start":{"line":19,"column":42},"end":{"line":19,"column":52}},"4":{"start":{"line":22,"column":4},"end":{"line":22,"column":62}},"5":{"start":{"line":24,"column":25},"end":{"line":27,"column":4}},"6":{"start":{"line":28,"column":28},"end":{"line":31,"column":4}},"7":{"start":{"line":32,"column":28},"end":{"line":32,"column":53}},"8":{"start":{"line":33,"column":28},"end":{"line":33,"column":53}},"9":{"start":{"line":35,"column":2},"end":{"line":122,"column":4}}},"fnMap":{"0":{"name":"PriceTag","decl":{"start":{"line":12,"column":16},"end":{"line":12,"column":24}},"loc":{"start":{"line":18,"column":16},"end":{"line":123,"column":1}}}},"branchMap":{"0":{"loc":{"start":{"line":15,"column":2},"end":{"line":15,"column":19}},"type":"default-arg","locations":[{"start":{"line":15,"column":17},"end":{"line":15,"column":19}}]},"1":{"loc":{"start":{"line":16,"column":2},"end":{"line":16,"column":29}},"type":"default-arg","locations":[{"start":{"line":16,"column":13},"end":{"line":16,"column":29}}]},"2":{"loc":{"start":{"line":17,"column":2},"end":{"line":17,"column":15}},"type":"default-arg","locations":[{"start":{"line":17,"column":14},"end":{"line":17,"column":15}}]},"3":{"loc":{"start":{"line":22,"column":4},"end":{"line":22,"column":62}},"type":"binary-expr","locations":[{"start":{"line":22,"column":4},"end":{"line":22,"column":37}},{"start":{"line":22,"column":41},"end":{"line":22,"column":62}}]},"4":{"loc":{"start":{"line":48,"column":9},"end":{"line":58,"column":null}},"type":"binary-expr","locations":[{"start":{"line":48,"column":9},"end":{"line":48,"column":20}},{"start":{"line":49,"column":10},"end":{"line":57,"column":null}}]},"5":{"loc":{"start":{"line":81,"column":11},"end":{"line":84,"column":null}},"type":"binary-expr","locations":[{"start":{"line":81,"column":11},"end":{"line":81,"column":22}},{"start":{"line":82,"column":12},"end":{"line":83,"column":null}}]},"6":{"loc":{"start":{"line":101,"column":13},"end":{"line":101,"column":63}},"type":"cond-expr","locations":[{"start":{"line":101,"column":27},"end":{"line":101,"column":46}},{"start":{"line":101,"column":49},"end":{"line":101,"column":63}}]}},"s":{"0":8,"1":8,"2":8,"3":4,"4":4,"5":4,"6":4,"7":4,"8":4,"9":4},"f":{"0":4},"b":{"0":[4],"1":[4],"2":[4],"3":[4,3],"4":[4,3],"5":[4,3],"6":[3,1]}}
,"C:\\Users\\Lucas\\Documents\\GitHub\\prisma-ui\\packages\\sales\\src\\components\\atoms\\RatingStars.tsx": {"path":"C:\\Users\\Lucas\\Documents\\GitHub\\prisma-ui\\packages\\sales\\src\\components\\atoms\\RatingStars.tsx","statementMap":{"0":{"start":{"line":13,"column":0},"end":{"line":13,"column":16}},"1":{"start":{"line":1,"column":0},"end":{"line":1,"column":43}},"2":{"start":{"line":11,"column":18},"end":{"line":11,"column":19}},"3":{"start":{"line":20,"column":30},"end":{"line":20,"column":40}},"4":{"start":{"line":22,"column":18},"end":{"line":22,"column":58}},"5":{"start":{"line":23,"column":18},"end":{"line":23,"column":37}},"6":{"start":{"line":24,"column":18},"end":{"line":24,"column":30}},"7":{"start":{"line":25,"column":19},"end":{"line":25,"column":31}},"8":{"start":{"line":27,"column":2},"end":{"line":69,"column":4}},"9":{"start":{"line":38,"column":25},"end":{"line":38,"column":40}},"10":{"start":{"line":39,"column":8},"end":{"line":53,"column":10}}},"fnMap":{"0":{"name":"RatingStars","decl":{"start":{"line":13,"column":16},"end":{"line":13,"column":27}},"loc":{"start":{"line":19,"column":19},"end":{"line":70,"column":1}}},"1":{"name":"(anonymous_1)","decl":{"start":{"line":37,"column":45},"end":{"line":37,"column":46}},"loc":{"start":{"line":37,"column":58},"end":{"line":54,"column":7}}}},"branchMap":{"0":{"loc":{"start":{"line":15,"column":2},"end":{"line":15,"column":11}},"type":"default-arg","locations":[{"start":{"line":15,"column":9},"end":{"line":15,"column":11}}]},"1":{"loc":{"start":{"line":16,"column":2},"end":{"line":16,"column":17}},"type":"default-arg","locations":[{"start":{"line":16,"column":13},"end":{"line":16,"column":17}}]},"2":{"loc":{"start":{"line":18,"column":2},"end":{"line":18,"column":15}},"type":"default-arg","locations":[{"start":{"line":18,"column":14},"end":{"line":18,"column":15}}]},"3":{"loc":{"start":{"line":30,"column":8},"end":{"line":30,"column":null}},"type":"cond-expr","locations":[{"start":{"line":30,"column":22},"end":{"line":30,"column":54}},{"start":{"line":30,"column":57},"end":{"line":30,"column":null}}]},"4":{"loc":{"start":{"line":46,"column":21},"end":{"line":46,"column":50}},"type":"cond-expr","locations":[{"start":{"line":46,"column":32},"end":{"line":46,"column":39}},{"start":{"line":46,"column":42},"end":{"line":46,"column":50}}]},"5":{"loc":{"start":{"line":48,"column":22},"end":{"line":48,"column":54}},"type":"cond-expr","locations":[{"start":{"line":48,"column":33},"end":{"line":48,"column":42}},{"start":{"line":48,"column":45},"end":{"line":48,"column":54}}]},"6":{"loc":{"start":{"line":51,"column":13},"end":{"line":51,"column":33}},"type":"cond-expr","locations":[{"start":{"line":51,"column":24},"end":{"line":51,"column":27}},{"start":{"line":51,"column":30},"end":{"line":51,"column":33}}]},"7":{"loc":{"start":{"line":55,"column":7},"end":{"line":66,"column":null}},"type":"binary-expr","locations":[{"start":{"line":55,"column":7},"end":{"line":55,"column":38}},{"start":{"line":56,"column":8},"end":{"line":65,"column":null}}]}},"s":{"0":8,"1":8,"2":8,"3":2,"4":2,"5":2,"6":2,"7":2,"8":2,"9":10,"10":10},"f":{"0":2,"1":10},"b":{"0":[2],"1":[2],"2":[2],"3":[2,0],"4":[8,2],"5":[10,0],"6":[8,2],"7":[2,2]}}
,"C:\\Users\\Lucas\\Documents\\GitHub\\prisma-ui\\packages\\sales\\src\\components\\atoms\\StockBadge.tsx": {"path":"C:\\Users\\Lucas\\Documents\\GitHub\\prisma-ui\\packages\\sales\\src\\components\\atoms\\StockBadge.tsx","statementMap":{"0":{"start":{"line":15,"column":0},"end":{"line":15,"column":16}},"1":{"start":{"line":1,"column":0},"end":{"line":1,"column":54}},"2":{"start":{"line":5,"column":50},"end":{"line":9,"column":2}},"3":{"start":{"line":16,"column":37},"end":{"line":16,"column":47}},"4":{"start":{"line":18,"column":17},"end":{"line":22,"column":11}},"5":{"start":{"line":24,"column":21},"end":{"line":24,"column":44}},"6":{"start":{"line":25,"column":17},"end":{"line":25,"column":40}},"7":{"start":{"line":26,"column":20},"end":{"line":26,"column":71}},"8":{"start":{"line":28,"column":2},"end":{"line":50,"column":4}}},"fnMap":{"0":{"name":"StockBadge","decl":{"start":{"line":15,"column":16},"end":{"line":15,"column":26}},"loc":{"start":{"line":15,"column":54},"end":{"line":51,"column":1}}}},"branchMap":{"0":{"loc":{"start":{"line":26,"column":20},"end":{"line":26,"column":71}},"type":"cond-expr","locations":[{"start":{"line":26,"column":51},"end":{"line":26,"column":62}},{"start":{"line":26,"column":65},"end":{"line":26,"column":71}}]}},"s":{"0":8,"1":8,"2":8,"3":2,"4":2,"5":2,"6":2,"7":2,"8":2},"f":{"0":2},"b":{"0":[0,2]}}
,"C:\\Users\\Lucas\\Documents\\GitHub\\prisma-ui\\packages\\sales\\src\\components\\atoms\\Tag.tsx": {"path":"C:\\Users\\Lucas\\Documents\\GitHub\\prisma-ui\\packages\\sales\\src\\components\\atoms\\Tag.tsx","statementMap":{"0":{"start":{"line":7,"column":0},"end":{"line":7,"column":16}},"1":{"start":{"line":1,"column":0},"end":{"line":1,"column":54}},"2":{"start":{"line":8,"column":37},"end":{"line":8,"column":47}},"3":{"start":{"line":10,"column":21},"end":{"line":10,"column":56}},"4":{"start":{"line":11,"column":17},"end":{"line":11,"column":52}},"5":{"start":{"line":12,"column":17},"end":{"line":12,"column":61}},"6":{"start":{"line":14,"column":2},"end":{"line":34,"column":4}}},"fnMap":{"0":{"name":"Tag","decl":{"start":{"line":7,"column":16},"end":{"line":7,"column":19}},"loc":{"start":{"line":7,"column":39},"end":{"line":35,"column":1}}}},"branchMap":{},"s":{"0":8,"1":8,"2":2,"3":2,"4":2,"5":2,"6":2},"f":{"0":2},"b":{}}
,"C:\\Users\\Lucas\\Documents\\GitHub\\prisma-ui\\packages\\sales\\src\\components\\molecules\\BrandFilters.tsx": {"path":"C:\\Users\\Lucas\\Documents\\GitHub\\prisma-ui\\packages\\sales\\src\\components\\molecules\\BrandFilters.tsx","statementMap":{"0":{"start":{"line":1,"column":0},"end":{"line":1,"column":26}},"1":{"start":{"line":2,"column":0},"end":{"line":2,"column":43}},"2":{"start":{"line":3,"column":0},"end":{"line":3,"column":54}},"3":{"start":{"line":4,"column":0},"end":{"line":4,"column":41}},"4":{"start":{"line":19,"column":45},"end":{"line":191,"column":1}},"5":{"start":{"line":29,"column":21},"end":{"line":29,"column":31}},"6":{"start":{"line":30,"column":21},"end":{"line":30,"column":26}},"7":{"start":{"line":32,"column":22},"end":{"line":35,"column":3}},"8":{"start":{"line":33,"column":19},"end":{"line":33,"column":60}},"9":{"start":{"line":34,"column":4},"end":{"line":34,"column":33}},"10":{"start":{"line":36,"column":22},"end":{"line":39,"column":3}},"11":{"start":{"line":37,"column":19},"end":{"line":37,"column":60}},"12":{"start":{"line":38,"column":4},"end":{"line":38,"column":33}},"13":{"start":{"line":41,"column":18},"end":{"line":46,"column":36}},"14":{"start":{"line":42,"column":18},"end":{"line":42,"column":42}},"15":{"start":{"line":43,"column":17},"end":{"line":43,"column":49}},"16":{"start":{"line":44,"column":18},"end":{"line":44,"column":50}},"17":{"start":{"line":45,"column":4},"end":{"line":45,"column":27}},"18":{"start":{"line":48,"column":22},"end":{"line":54,"column":3}},"19":{"start":{"line":49,"column":4},"end":{"line":53,"column":6}},"20":{"start":{"line":51,"column":39},"end":{"line":51,"column":46}},"21":{"start":{"line":56,"column":2},"end":{"line":190,"column":4}},"22":{"start":{"line":112,"column":12},"end":{"line":113,"column":null}},"23":{"start":{"line":119,"column":32},"end":{"line":119,"column":46}},"24":{"start":{"line":19,"column":13},"end":{"line":19,"column":45}}},"fnMap":{"0":{"name":"(anonymous_1)","decl":{"start":{"line":19,"column":45},"end":{"line":19,"column":46}},"loc":{"start":{"line":28,"column":5},"end":{"line":191,"column":1}}},"1":{"name":"(anonymous_2)","decl":{"start":{"line":32,"column":22},"end":{"line":32,"column":23}},"loc":{"start":{"line":32,"column":65},"end":{"line":35,"column":3}}},"2":{"name":"(anonymous_3)","decl":{"start":{"line":36,"column":22},"end":{"line":36,"column":23}},"loc":{"start":{"line":36,"column":65},"end":{"line":39,"column":3}}},"3":{"name":"(anonymous_4)","decl":{"start":{"line":41,"column":32},"end":{"line":41,"column":35}},"loc":{"start":{"line":41,"column":37},"end":{"line":46,"column":3}}},"4":{"name":"(anonymous_5)","decl":{"start":{"line":48,"column":22},"end":{"line":48,"column":23}},"loc":{"start":{"line":48,"column":36},"end":{"line":54,"column":3}}},"5":{"name":"(anonymous_6)","decl":{"start":{"line":51,"column":32},"end":{"line":51,"column":33}},"loc":{"start":{"line":51,"column":39},"end":{"line":51,"column":46}}},"6":{"name":"(anonymous_7)","decl":{"start":{"line":111,"column":22},"end":{"line":111,"column":23}},"loc":{"start":{"line":112,"column":12},"end":{"line":113,"column":null}}},"7":{"name":"(anonymous_8)","decl":{"start":{"line":119,"column":26},"end":{"line":119,"column":29}},"loc":{"start":{"line":119,"column":32},"end":{"line":119,"column":46}}}},"branchMap":{"0":{"loc":{"start":{"line":42,"column":18},"end":{"line":42,"column":42}},"type":"binary-expr","locations":[{"start":{"line":42,"column":18},"end":{"line":42,"column":37}},{"start":{"line":42,"column":41},"end":{"line":42,"column":42}}]},"1":{"loc":{"start":{"line":50,"column":6},"end":{"line":52,"column":32}},"type":"cond-expr","locations":[{"start":{"line":51,"column":10},"end":{"line":51,"column":47}},{"start":{"line":52,"column":10},"end":{"line":52,"column":32}}]}},"s":{"0":8,"1":8,"2":8,"3":8,"4":8,"5":3,"6":3,"7":3,"8":1,"9":1,"10":3,"11":1,"12":1,"13":3,"14":3,"15":3,"16":3,"17":3,"18":3,"19":2,"20":1,"21":3,"22":4,"23":2,"24":8},"f":{"0":3,"1":1,"2":1,"3":3,"4":2,"5":1,"6":4,"7":2},"b":{"0":[3,0],"1":[1,1]}}
,"C:\\Users\\Lucas\\Documents\\GitHub\\prisma-ui\\packages\\sales\\src\\components\\molecules\\Breadcrumbs.tsx": {"path":"C:\\Users\\Lucas\\Documents\\GitHub\\prisma-ui\\packages\\sales\\src\\components\\molecules\\Breadcrumbs.tsx","statementMap":{"0":{"start":{"line":15,"column":0},"end":{"line":15,"column":16}},"1":{"start":{"line":1,"column":0},"end":{"line":1,"column":54}},"2":{"start":{"line":16,"column":42},"end":{"line":16,"column":52}},"3":{"start":{"line":18,"column":2},"end":{"line":91,"column":4}},"4":{"start":{"line":34,"column":25},"end":{"line":34,"column":51}},"5":{"start":{"line":35,"column":26},"end":{"line":66,"column":null}},"6":{"start":{"line":69,"column":10},"end":{"line":87,"column":12}}},"fnMap":{"0":{"name":"Breadcrumbs","decl":{"start":{"line":15,"column":16},"end":{"line":15,"column":27}},"loc":{"start":{"line":15,"column":72},"end":{"line":92,"column":1}}},"1":{"name":"(anonymous_1)","decl":{"start":{"line":33,"column":19},"end":{"line":33,"column":20}},"loc":{"start":{"line":33,"column":35},"end":{"line":88,"column":9}}}},"branchMap":{"0":{"loc":{"start":{"line":15,"column":37},"end":{"line":15,"column":52}},"type":"default-arg","locations":[{"start":{"line":15,"column":49},"end":{"line":15,"column":52}}]},"1":{"loc":{"start":{"line":35,"column":26},"end":{"line":66,"column":null}},"type":"cond-expr","locations":[{"start":{"line":36,"column":12},"end":{"line":48,"column":null}},{"start":{"line":51,"column":12},"end":{"line":65,"column":null}}]},"2":{"loc":{"start":{"line":40,"column":23},"end":{"line":40,"column":58}},"type":"cond-expr","locations":[{"start":{"line":40,"column":32},"end":{"line":40,"column":44}},{"start":{"line":40,"column":47},"end":{"line":40,"column":58}}]},"3":{"loc":{"start":{"line":42,"column":28},"end":{"line":42,"column":46}},"type":"cond-expr","locations":[{"start":{"line":42,"column":37},"end":{"line":42,"column":40}},{"start":{"line":42,"column":43},"end":{"line":42,"column":46}}]},"4":{"loc":{"start":{"line":56,"column":23},"end":{"line":56,"column":58}},"type":"cond-expr","locations":[{"start":{"line":56,"column":32},"end":{"line":56,"column":44}},{"start":{"line":56,"column":47},"end":{"line":56,"column":58}}]},"5":{"loc":{"start":{"line":58,"column":28},"end":{"line":58,"column":46}},"type":"cond-expr","locations":[{"start":{"line":58,"column":37},"end":{"line":58,"column":40}},{"start":{"line":58,"column":43},"end":{"line":58,"column":46}}]},"6":{"loc":{"start":{"line":59,"column":24},"end":{"line":59,"column":60}},"type":"cond-expr","locations":[{"start":{"line":59,"column":39},"end":{"line":59,"column":48}},{"start":{"line":59,"column":51},"end":{"line":59,"column":60}}]},"7":{"loc":{"start":{"line":75,"column":15},"end":{"line":84,"column":null}},"type":"binary-expr","locations":[{"start":{"line":75,"column":15},"end":{"line":75,"column":22}},{"start":{"line":76,"column":16},"end":{"line":83,"column":null}}]}},"s":{"0":8,"1":8,"2":0,"3":0,"4":0,"5":0,"6":0},"f":{"0":0,"1":0},"b":{"0":[0],"1":[0,0],"2":[0,0],"3":[0,0],"4":[0,0],"5":[0,0],"6":[0,0],"7":[0,0]}}
,"C:\\Users\\Lucas\\Documents\\GitHub\\prisma-ui\\packages\\sales\\src\\components\\molecules\\BuyActions.tsx": {"path":"C:\\Users\\Lucas\\Documents\\GitHub\\prisma-ui\\packages\\sales\\src\\components\\molecules\\BuyActions.tsx","statementMap":{"0":{"start":{"line":4,"column":0},"end":{"line":4,"column":16}},"1":{"start":{"line":1,"column":0},"end":{"line":1,"column":42}},"2":{"start":{"line":2,"column":0},"end":{"line":2,"column":43}},"3":{"start":{"line":11,"column":22},"end":{"line":11,"column":32}},"4":{"start":{"line":13,"column":2},"end":{"line":22,"column":4}},"5":{"start":{"line":15,"column":39},"end":{"line":15,"column":69}}},"fnMap":{"0":{"name":"BuyActions","decl":{"start":{"line":4,"column":16},"end":{"line":4,"column":26}},"loc":{"start":{"line":10,"column":1},"end":{"line":23,"column":1}}},"1":{"name":"(anonymous_1)","decl":{"start":{"line":15,"column":33},"end":{"line":15,"column":36}},"loc":{"start":{"line":15,"column":39},"end":{"line":15,"column":69}}}},"branchMap":{"0":{"loc":{"start":{"line":6,"column":2},"end":{"line":6,"column":36}},"type":"default-arg","locations":[{"start":{"line":6,"column":13},"end":{"line":6,"column":36}}]}},"s":{"0":7,"1":7,"2":7,"3":0,"4":0,"5":0},"f":{"0":0,"1":0},"b":{"0":[0]}}
,"C:\\Users\\Lucas\\Documents\\GitHub\\prisma-ui\\packages\\sales\\src\\components\\molecules\\Pagination.tsx": {"path":"C:\\Users\\Lucas\\Documents\\GitHub\\prisma-ui\\packages\\sales\\src\\components\\molecules\\Pagination.tsx","statementMap":{"0":{"start":{"line":13,"column":0},"end":{"line":13,"column":16}},"1":{"start":{"line":1,"column":0},"end":{"line":1,"column":66}},"2":{"start":{"line":10,"column":14},"end":{"line":11,"column":70}},"3":{"start":{"line":11,"column":2},"end":{"line":11,"column":70}},"4":{"start":{"line":11,"column":56},"end":{"line":11,"column":69}},"5":{"start":{"line":19,"column":37},"end":{"line":19,"column":47}},"6":{"start":{"line":21,"column":2},"end":{"line":23,"column":3}},"7":{"start":{"line":22,"column":4},"end":{"line":22,"column":16}},"8":{"start":{"line":25,"column":22},"end":{"line":25,"column":61}},"9":{"start":{"line":26,"column":15},"end":{"line":26,"column":41}},"10":{"start":{"line":27,"column":14},"end":{"line":27,"column":45}},"11":{"start":{"line":28,"column":12},"end":{"line":28,"column":56}},"12":{"start":{"line":29,"column":2},"end":{"line":31,"column":3}},"13":{"start":{"line":30,"column":4},"end":{"line":30,"column":46}},"14":{"start":{"line":33,"column":16},"end":{"line":33,"column":33}},"15":{"start":{"line":35,"column":23},"end":{"line":72,"column":3}},"16":{"start":{"line":40,"column":22},"end":{"line":40,"column":73}},"17":{"start":{"line":42,"column":4},"end":{"line":71,"column":6}},"18":{"start":{"line":47,"column":23},"end":{"line":47,"column":43}},"19":{"start":{"line":74,"column":2},"end":{"line":101,"column":4}},"20":{"start":{"line":91,"column":35},"end":{"line":91,"column":71}}},"fnMap":{"0":{"name":"(anonymous_0)","decl":{"start":{"line":10,"column":14},"end":{"line":10,"column":15}},"loc":{"start":{"line":11,"column":2},"end":{"line":11,"column":70}}},"1":{"name":"(anonymous_1)","decl":{"start":{"line":11,"column":42},"end":{"line":11,"column":43}},"loc":{"start":{"line":11,"column":56},"end":{"line":11,"column":69}}},"2":{"name":"Pagination","decl":{"start":{"line":13,"column":16},"end":{"line":13,"column":26}},"loc":{"start":{"line":18,"column":18},"end":{"line":102,"column":1}}},"3":{"name":"(anonymous_3)","decl":{"start":{"line":35,"column":23},"end":{"line":35,"column":null}},"loc":{"start":{"line":39,"column":6},"end":{"line":72,"column":3}}},"4":{"name":"(anonymous_4)","decl":{"start":{"line":47,"column":17},"end":{"line":47,"column":20}},"loc":{"start":{"line":47,"column":23},"end":{"line":47,"column":43}}},"5":{"name":"(anonymous_5)","decl":{"start":{"line":91,"column":19},"end":{"line":91,"column":20}},"loc":{"start":{"line":91,"column":35},"end":{"line":91,"column":71}}}},"branchMap":{"0":{"loc":{"start":{"line":17,"column":2},"end":{"line":17,"column":16}},"type":"default-arg","locations":[{"start":{"line":17,"column":15},"end":{"line":17,"column":16}}]},"1":{"loc":{"start":{"line":21,"column":2},"end":{"line":23,"column":3}},"type":"if","locations":[{"start":{"line":21,"column":2},"end":{"line":23,"column":3}},{"start":{},"end":{}}]},"2":{"loc":{"start":{"line":29,"column":2},"end":{"line":31,"column":3}},"type":"if","locations":[{"start":{"line":29,"column":2},"end":{"line":31,"column":3}},{"start":{},"end":{}}]},"3":{"loc":{"start":{"line":38,"column":4},"end":{"line":38,"column":20}},"type":"default-arg","locations":[{"start":{"line":38,"column":15},"end":{"line":38,"column":20}}]},"4":{"loc":{"start":{"line":40,"column":22},"end":{"line":40,"column":73}},"type":"binary-expr","locations":[{"start":{"line":40,"column":22},"end":{"line":40,"column":47}},{"start":{"line":40,"column":51},"end":{"line":40,"column":73}}]},"5":{"loc":{"start":{"line":46,"column":18},"end":{"line":46,"column":39}},"type":"binary-expr","locations":[{"start":{"line":46,"column":18},"end":{"line":46,"column":26}},{"start":{"line":46,"column":30},"end":{"line":46,"column":39}}]},"6":{"loc":{"start":{"line":48,"column":22},"end":{"line":48,"column":52}},"type":"cond-expr","locations":[{"start":{"line":48,"column":34},"end":{"line":48,"column":40}},{"start":{"line":48,"column":43},"end":{"line":48,"column":52}}]},"7":{"loc":{"start":{"line":52,"column":12},"end":{"line":52,"column":null}},"type":"cond-expr","locations":[{"start":{"line":52,"column":24},"end":{"line":52,"column":36}},{"start":{"line":52,"column":39},"end":{"line":52,"column":null}}]},"8":{"loc":{"start":{"line":54,"column":22},"end":{"line":54,"column":62}},"type":"cond-expr","locations":[{"start":{"line":54,"column":34},"end":{"line":54,"column":46}},{"start":{"line":54,"column":49},"end":{"line":54,"column":62}}]},"9":{"loc":{"start":{"line":55,"column":17},"end":{"line":55,"column":77}},"type":"cond-expr","locations":[{"start":{"line":55,"column":29},"end":{"line":55,"column":46}},{"start":{"line":55,"column":49},"end":{"line":55,"column":77}}]},"10":{"loc":{"start":{"line":57,"column":18},"end":{"line":57,"column":67}},"type":"cond-expr","locations":[{"start":{"line":57,"column":42},"end":{"line":57,"column":55}},{"start":{"line":57,"column":58},"end":{"line":57,"column":67}}]},"11":{"loc":{"start":{"line":57,"column":18},"end":{"line":57,"column":39}},"type":"binary-expr","locations":[{"start":{"line":57,"column":18},"end":{"line":57,"column":26}},{"start":{"line":57,"column":30},"end":{"line":57,"column":39}}]},"12":{"loc":{"start":{"line":65,"column":21},"end":{"line":65,"column":69}},"type":"cond-expr","locations":[{"start":{"line":65,"column":33},"end":{"line":65,"column":51}},{"start":{"line":65,"column":54},"end":{"line":65,"column":69}}]},"13":{"loc":{"start":{"line":66,"column":19},"end":{"line":66,"column":37}},"type":"cond-expr","locations":[{"start":{"line":66,"column":30},"end":{"line":66,"column":33}},{"start":{"line":66,"column":36},"end":{"line":66,"column":37}}]},"14":{"loc":{"start":{"line":85,"column":9},"end":{"line":89,"column":null}},"type":"binary-expr","locations":[{"start":{"line":85,"column":9},"end":{"line":85,"column":18}},{"start":{"line":86,"column":10},"end":{"line":88,"column":null}}]},"15":{"loc":{"start":{"line":92,"column":9},"end":{"line":96,"column":null}},"type":"binary-expr","locations":[{"start":{"line":92,"column":9},"end":{"line":92,"column":25}},{"start":{"line":93,"column":10},"end":{"line":95,"column":null}}]}},"s":{"0":8,"1":8,"2":8,"3":0,"4":0,"5":0,"6":0,"7":0,"8":0,"9":0,"10":0,"11":0,"12":0,"13":0,"14":0,"15":0,"16":0,"17":0,"18":0,"19":0,"20":0},"f":{"0":0,"1":0,"2":0,"3":0,"4":0,"5":0},"b":{"0":[0],"1":[0,0],"2":[0,0],"3":[0],"4":[0,0],"5":[0,0],"6":[0,0],"7":[0,0],"8":[0,0],"9":[0,0],"10":[0,0],"11":[0,0],"12":[0,0],"13":[0,0],"14":[0,0],"15":[0,0]}}
,"C:\\Users\\Lucas\\Documents\\GitHub\\prisma-ui\\packages\\sales\\src\\components\\molecules\\PaymentLink.tsx": {"path":"C:\\Users\\Lucas\\Documents\\GitHub\\prisma-ui\\packages\\sales\\src\\components\\molecules\\PaymentLink.tsx","statementMap":{"0":{"start":{"line":3,"column":0},"end":{"line":3,"column":16}},"1":{"start":{"line":1,"column":0},"end":{"line":1,"column":49}},"2":{"start":{"line":4,"column":21},"end":{"line":4,"column":31}},"3":{"start":{"line":5,"column":2},"end":{"line":24,"column":4}}},"fnMap":{"0":{"name":"PaymentLink","decl":{"start":{"line":3,"column":16},"end":{"line":3,"column":27}},"loc":{"start":{"line":3,"column":62},"end":{"line":25,"column":1}}}},"branchMap":{},"s":{"0":7,"1":7,"2":0,"3":0},"f":{"0":0},"b":{}}
,"C:\\Users\\Lucas\\Documents\\GitHub\\prisma-ui\\packages\\sales\\src\\components\\molecules\\PriceBox.tsx": {"path":"C:\\Users\\Lucas\\Documents\\GitHub\\prisma-ui\\packages\\sales\\src\\components\\molecules\\PriceBox.tsx","statementMap":{"0":{"start":{"line":4,"column":0},"end":{"line":4,"column":16}},"1":{"start":{"line":1,"column":0},"end":{"line":1,"column":44}},"2":{"start":{"line":11,"column":2},"end":{"line":17,"column":4}}},"fnMap":{"0":{"name":"PriceBox","decl":{"start":{"line":4,"column":16},"end":{"line":4,"column":24}},"loc":{"start":{"line":10,"column":1},"end":{"line":18,"column":1}}}},"branchMap":{},"s":{"0":7,"1":7,"2":0},"f":{"0":0},"b":{}}
,"C:\\Users\\Lucas\\Documents\\GitHub\\prisma-ui\\packages\\sales\\src\\components\\molecules\\ProductHeader.tsx": {"path":"C:\\Users\\Lucas\\Documents\\GitHub\\prisma-ui\\packages\\sales\\src\\components\\molecules\\ProductHeader.tsx","statementMap":{"0":{"start":{"line":5,"column":0},"end":{"line":5,"column":16}},"1":{"start":{"line":1,"column":0},"end":{"line":1,"column":63}},"2":{"start":{"line":3,"column":0},"end":{"line":3,"column":42}},"3":{"start":{"line":16,"column":2},"end":{"line":38,"column":4}},"4":{"start":{"line":30,"column":28},"end":{"line":30,"column":47}}},"fnMap":{"0":{"name":"ProductHeader","decl":{"start":{"line":5,"column":16},"end":{"line":5,"column":29}},"loc":{"start":{"line":15,"column":1},"end":{"line":39,"column":1}}},"1":{"name":"(anonymous_1)","decl":{"start":{"line":30,"column":21},"end":{"line":30,"column":22}},"loc":{"start":{"line":30,"column":28},"end":{"line":30,"column":47}}}},"branchMap":{},"s":{"0":8,"1":8,"2":8,"3":2,"4":1},"f":{"0":2,"1":1},"b":{}}
,"C:\\Users\\Lucas\\Documents\\GitHub\\prisma-ui\\packages\\sales\\src\\components\\molecules\\ProductInfo.tsx": {"path":"C:\\Users\\Lucas\\Documents\\GitHub\\prisma-ui\\packages\\sales\\src\\components\\molecules\\ProductInfo.tsx","statementMap":{"0":{"start":{"line":9,"column":0},"end":{"line":9,"column":16}},"1":{"start":{"line":1,"column":0},"end":{"line":1,"column":43}},"2":{"start":{"line":2,"column":0},"end":{"line":2,"column":39}},"3":{"start":{"line":10,"column":30},"end":{"line":10,"column":40}},"4":{"start":{"line":12,"column":2},"end":{"line":71,"column":4}},"5":{"start":{"line":46,"column":16},"end":{"line":47,"column":null}}},"fnMap":{"0":{"name":"ProductInfo","decl":{"start":{"line":9,"column":16},"end":{"line":9,"column":27}},"loc":{"start":{"line":9,"column":67},"end":{"line":72,"column":1}}},"1":{"name":"(anonymous_1)","decl":{"start":{"line":45,"column":30},"end":{"line":45,"column":31}},"loc":{"start":{"line":46,"column":16},"end":{"line":47,"column":null}}}},"branchMap":{"0":{"loc":{"start":{"line":25,"column":7},"end":{"line":68,"column":null}},"type":"binary-expr","locations":[{"start":{"line":25,"column":7},"end":{"line":25,"column":18}},{"start":{"line":26,"column":8},"end":{"line":67,"column":null}}]},"1":{"loc":{"start":{"line":44,"column":13},"end":{"line":65,"column":null}},"type":"cond-expr","locations":[{"start":{"line":45,"column":14},"end":{"line":56,"column":16}},{"start":{"line":58,"column":14},"end":{"line":64,"column":null}}]}},"s":{"0":8,"1":8,"2":8,"3":0,"4":0,"5":0},"f":{"0":0,"1":0},"b":{"0":[0,0],"1":[0,0]}}
,"C:\\Users\\Lucas\\Documents\\GitHub\\prisma-ui\\packages\\sales\\src\\components\\molecules\\QuantityStepper.tsx": {"path":"C:\\Users\\Lucas\\Documents\\GitHub\\prisma-ui\\packages\\sales\\src\\components\\molecules\\QuantityStepper.tsx","statementMap":{"0":{"start":{"line":16,"column":0},"end":{"line":16,"column":16}},"1":{"start":{"line":1,"column":0},"end":{"line":1,"column":33}},"2":{"start":{"line":2,"column":0},"end":{"line":2,"column":null}},"3":{"start":{"line":22,"column":49},"end":{"line":22,"column":59}},"4":{"start":{"line":23,"column":32},"end":{"line":23,"column":71}},"5":{"start":{"line":24,"column":30},"end":{"line":24,"column":69}},"6":{"start":{"line":25,"column":32},"end":{"line":25,"column":71}},"7":{"start":{"line":27,"column":27},"end":{"line":27,"column":39}},"8":{"start":{"line":28,"column":27},"end":{"line":28,"column":73}},"9":{"start":{"line":30,"column":23},"end":{"line":35,"column":3}},"10":{"start":{"line":31,"column":17},"end":{"line":31,"column":30}},"11":{"start":{"line":32,"column":4},"end":{"line":32,"column":27}},"12":{"start":{"line":32,"column":20},"end":{"line":32,"column":27}},"13":{"start":{"line":33,"column":4},"end":{"line":33,"column":54}},"14":{"start":{"line":33,"column":47},"end":{"line":33,"column":54}},"15":{"start":{"line":34,"column":4},"end":{"line":34,"column":19}},"16":{"start":{"line":37,"column":22},"end":{"line":73,"column":3}},"17":{"start":{"line":38,"column":22},"end":{"line":38,"column":38}},"18":{"start":{"line":39,"column":21},"end":{"line":39,"column":36}},"19":{"start":{"line":40,"column":22},"end":{"line":40,"column":38}},"20":{"start":{"line":41,"column":27},"end":{"line":41,"column":41}},"21":{"start":{"line":42,"column":28},"end":{"line":42,"column":62}},"22":{"start":{"line":43,"column":29},"end":{"line":43,"column":57}},"23":{"start":{"line":45,"column":4},"end":{"line":72,"column":15}},"24":{"start":{"line":75,"column":2},"end":{"line":146,"column":4}},"25":{"start":{"line":91,"column":23},"end":{"line":91,"column":39}},"26":{"start":{"line":92,"column":28},"end":{"line":92,"column":47}},"27":{"start":{"line":94,"column":10},"end":{"line":94,"column":27}},"28":{"start":{"line":95,"column":10},"end":{"line":95,"column":26}},"29":{"start":{"line":97,"column":27},"end":{"line":97,"column":45}},"30":{"start":{"line":98,"column":25},"end":{"line":98,"column":40}},"31":{"start":{"line":99,"column":23},"end":{"line":99,"column":42}},"32":{"start":{"line":101,"column":10},"end":{"line":101,"column":27}},"33":{"start":{"line":102,"column":10},"end":{"line":102,"column":26}},"34":{"start":{"line":103,"column":10},"end":{"line":103,"column":27}},"35":{"start":{"line":127,"column":23},"end":{"line":127,"column":38}},"36":{"start":{"line":128,"column":28},"end":{"line":128,"column":46}},"37":{"start":{"line":130,"column":10},"end":{"line":130,"column":27}},"38":{"start":{"line":131,"column":10},"end":{"line":131,"column":26}},"39":{"start":{"line":133,"column":27},"end":{"line":133,"column":44}},"40":{"start":{"line":134,"column":25},"end":{"line":134,"column":40}},"41":{"start":{"line":135,"column":23},"end":{"line":135,"column":41}},"42":{"start":{"line":137,"column":10},"end":{"line":137,"column":27}},"43":{"start":{"line":138,"column":10},"end":{"line":138,"column":26}},"44":{"start":{"line":139,"column":10},"end":{"line":139,"column":27}}},"fnMap":{"0":{"name":"QuantityStepper","decl":{"start":{"line":16,"column":16},"end":{"line":16,"column":31}},"loc":{"start":{"line":21,"column":23},"end":{"line":147,"column":1}}},"1":{"name":"(anonymous_1)","decl":{"start":{"line":30,"column":23},"end":{"line":30,"column":24}},"loc":{"start":{"line":30,"column":41},"end":{"line":35,"column":3}}},"2":{"name":"(anonymous_2)","decl":{"start":{"line":37,"column":22},"end":{"line":37,"column":23}},"loc":{"start":{"line":37,"column":68},"end":{"line":73,"column":3}}},"3":{"name":"(anonymous_3)","decl":{"start":{"line":91,"column":17},"end":{"line":91,"column":20}},"loc":{"start":{"line":91,"column":23},"end":{"line":91,"column":39}}},"4":{"name":"(anonymous_4)","decl":{"start":{"line":92,"column":22},"end":{"line":92,"column":25}},"loc":{"start":{"line":92,"column":28},"end":{"line":92,"column":47}}},"5":{"name":"(anonymous_5)","decl":{"start":{"line":93,"column":22},"end":{"line":93,"column":25}},"loc":{"start":{"line":93,"column":27},"end":{"line":96,"column":9}}},"6":{"name":"(anonymous_6)","decl":{"start":{"line":97,"column":21},"end":{"line":97,"column":24}},"loc":{"start":{"line":97,"column":27},"end":{"line":97,"column":45}}},"7":{"name":"(anonymous_7)","decl":{"start":{"line":98,"column":19},"end":{"line":98,"column":22}},"loc":{"start":{"line":98,"column":25},"end":{"line":98,"column":40}}},"8":{"name":"(anonymous_8)","decl":{"start":{"line":99,"column":17},"end":{"line":99,"column":20}},"loc":{"start":{"line":99,"column":23},"end":{"line":99,"column":42}}},"9":{"name":"(anonymous_9)","decl":{"start":{"line":100,"column":16},"end":{"line":100,"column":19}},"loc":{"start":{"line":100,"column":21},"end":{"line":104,"column":9}}},"10":{"name":"(anonymous_10)","decl":{"start":{"line":127,"column":17},"end":{"line":127,"column":20}},"loc":{"start":{"line":127,"column":23},"end":{"line":127,"column":38}}},"11":{"name":"(anonymous_11)","decl":{"start":{"line":128,"column":22},"end":{"line":128,"column":25}},"loc":{"start":{"line":128,"column":28},"end":{"line":128,"column":46}}},"12":{"name":"(anonymous_12)","decl":{"start":{"line":129,"column":22},"end":{"line":129,"column":25}},"loc":{"start":{"line":129,"column":27},"end":{"line":132,"column":9}}},"13":{"name":"(anonymous_13)","decl":{"start":{"line":133,"column":21},"end":{"line":133,"column":24}},"loc":{"start":{"line":133,"column":27},"end":{"line":133,"column":44}}},"14":{"name":"(anonymous_14)","decl":{"start":{"line":134,"column":19},"end":{"line":134,"column":22}},"loc":{"start":{"line":134,"column":25},"end":{"line":134,"column":40}}},"15":{"name":"(anonymous_15)","decl":{"start":{"line":135,"column":17},"end":{"line":135,"column":20}},"loc":{"start":{"line":135,"column":23},"end":{"line":135,"column":41}}},"16":{"name":"(anonymous_16)","decl":{"start":{"line":136,"column":16},"end":{"line":136,"column":19}},"loc":{"start":{"line":136,"column":21},"end":{"line":140,"column":9}}}},"branchMap":{"0":{"loc":{"start":{"line":18,"column":2},"end":{"line":18,"column":9}},"type":"default-arg","locations":[{"start":{"line":18,"column":8},"end":{"line":18,"column":9}}]},"1":{"loc":{"start":{"line":28,"column":27},"end":{"line":28,"column":73}},"type":"cond-expr","locations":[{"start":{"line":28,"column":53},"end":{"line":28,"column":65}},{"start":{"line":28,"column":68},"end":{"line":28,"column":73}}]},"2":{"loc":{"start":{"line":32,"column":4},"end":{"line":32,"column":27}},"type":"if","locations":[{"start":{"line":32,"column":4},"end":{"line":32,"column":27}},{"start":{},"end":{}}]},"3":{"loc":{"start":{"line":33,"column":4},"end":{"line":33,"column":54}},"type":"if","locations":[{"start":{"line":33,"column":4},"end":{"line":33,"column":54}},{"start":{},"end":{}}]},"4":{"loc":{"start":{"line":33,"column":8},"end":{"line":33,"column":45}},"type":"binary-expr","locations":[{"start":{"line":33,"column":8},"end":{"line":33,"column":31}},{"start":{"line":33,"column":35},"end":{"line":33,"column":45}}]},"5":{"loc":{"start":{"line":52,"column":52},"end":{"line":52,"column":71}},"type":"cond-expr","locations":[{"start":{"line":52,"column":64},"end":{"line":52,"column":67}},{"start":{"line":52,"column":70},"end":{"line":52,"column":71}}]},"6":{"loc":{"start":{"line":53,"column":18},"end":{"line":59,"column":24}},"type":"cond-expr","locations":[{"start":{"line":54,"column":10},"end":{"line":54,"column":40}},{"start":{"line":55,"column":10},"end":{"line":59,"column":24}}]},"7":{"loc":{"start":{"line":55,"column":10},"end":{"line":59,"column":24}},"type":"cond-expr","locations":[{"start":{"line":56,"column":10},"end":{"line":56,"column":26}},{"start":{"line":57,"column":10},"end":{"line":59,"column":24}}]},"8":{"loc":{"start":{"line":57,"column":10},"end":{"line":59,"column":24}},"type":"cond-expr","locations":[{"start":{"line":58,"column":10},"end":{"line":58,"column":25}},{"start":{"line":59,"column":10},"end":{"line":59,"column":24}}]},"9":{"loc":{"start":{"line":60,"column":13},"end":{"line":60,"column":55}},"type":"cond-expr","locations":[{"start":{"line":60,"column":24},"end":{"line":60,"column":40}},{"start":{"line":60,"column":43},"end":{"line":60,"column":55}}]},"10":{"loc":{"start":{"line":61,"column":14},"end":{"line":61,"column":50}},"type":"cond-expr","locations":[{"start":{"line":61,"column":25},"end":{"line":61,"column":38}},{"start":{"line":61,"column":41},"end":{"line":61,"column":50}}]},"11":{"loc":{"start":{"line":65,"column":17},"end":{"line":65,"column":54}},"type":"cond-expr","locations":[{"start":{"line":65,"column":28},"end":{"line":65,"column":41}},{"start":{"line":65,"column":44},"end":{"line":65,"column":54}}]},"12":{"loc":{"start":{"line":67,"column":17},"end":{"line":71,"column":16}},"type":"cond-expr","locations":[{"start":{"line":68,"column":10},"end":{"line":68,"column":44}},{"start":{"line":69,"column":10},"end":{"line":71,"column":16}}]},"13":{"loc":{"start":{"line":69,"column":10},"end":{"line":71,"column":16}},"type":"cond-expr","locations":[{"start":{"line":70,"column":10},"end":{"line":70,"column":61}},{"start":{"line":71,"column":10},"end":{"line":71,"column":16}}]}},"s":{"0":8,"1":8,"2":8,"3":2,"4":2,"5":2,"6":2,"7":2,"8":2,"9":2,"10":0,"11":0,"12":0,"13":0,"14":0,"15":0,"16":2,"17":4,"18":4,"19":4,"20":4,"21":4,"22":4,"23":4,"24":2,"25":0,"26":0,"27":0,"28":0,"29":0,"30":0,"31":0,"32":0,"33":0,"34":0,"35":0,"36":0,"37":0,"38":0,"39":0,"40":0,"41":0,"42":0,"43":0,"44":0},"f":{"0":2,"1":0,"2":4,"3":0,"4":0,"5":0,"6":0,"7":0,"8":0,"9":0,"10":0,"11":0,"12":0,"13":0,"14":0,"15":0,"16":0},"b":{"0":[2],"1":[0,2],"2":[0,0],"3":[0,0],"4":[0,0],"5":[0,4],"6":[2,2],"7":[0,2],"8":[0,2],"9":[2,2],"10":[2,2],"11":[0,4],"12":[0,4],"13":[0,4]}}
,"C:\\Users\\Lucas\\Documents\\GitHub\\prisma-ui\\packages\\sales\\src\\components\\molecules\\SearchBar.tsx": {"path":"C:\\Users\\Lucas\\Documents\\GitHub\\prisma-ui\\packages\\sales\\src\\components\\molecules\\SearchBar.tsx","statementMap":{"0":{"start":{"line":24,"column":0},"end":{"line":24,"column":16}},"1":{"start":{"line":1,"column":0},"end":{"line":1,"column":42}},"2":{"start":{"line":2,"column":0},"end":{"line":2,"column":null}},"3":{"start":{"line":8,"column":0},"end":{"line":8,"column":41}},"4":{"start":{"line":32,"column":49},"end":{"line":32,"column":59}},"5":{"start":{"line":33,"column":32},"end":{"line":33,"column":47}},"6":{"start":{"line":34,"column":32},"end":{"line":34,"column":47}},"7":{"start":{"line":36,"column":26},"end":{"line":36,"column":59}},"8":{"start":{"line":38,"column":19},"end":{"line":44,"column":26}},"9":{"start":{"line":39,"column":18},"end":{"line":39,"column":44}},"10":{"start":{"line":40,"column":4},"end":{"line":40,"column":47}},"11":{"start":{"line":40,"column":16},"end":{"line":40,"column":47}},"12":{"start":{"line":41,"column":4},"end":{"line":43,"column":19}},"13":{"start":{"line":42,"column":24},"end":{"line":42,"column":64}},"14":{"start":{"line":46,"column":23},"end":{"line":49,"column":3}},"15":{"start":{"line":47,"column":4},"end":{"line":47,"column":27}},"16":{"start":{"line":48,"column":4},"end":{"line":48,"column":29}},"17":{"start":{"line":51,"column":2},"end":{"line":169,"column":4}},"18":{"start":{"line":74,"column":28},"end":{"line":74,"column":44}},"19":{"start":{"line":75,"column":28},"end":{"line":75,"column":45}},"20":{"start":{"line":80,"column":31},"end":{"line":80,"column":59}},"21":{"start":{"line":81,"column":25},"end":{"line":81,"column":41}},"22":{"start":{"line":82,"column":24},"end":{"line":82,"column":41}},"23":{"start":{"line":127,"column":12},"end":{"line":127,"column":null}},"24":{"start":{"line":130,"column":40},"end":{"line":130,"column":62}},"25":{"start":{"line":132,"column":18},"end":{"line":132,"column":39}},"26":{"start":{"line":133,"column":18},"end":{"line":133,"column":41}},"27":{"start":{"line":148,"column":18},"end":{"line":151,"column":20}},"28":{"start":{"line":152,"column":18},"end":{"line":152,"column":75}},"29":{"start":{"line":155,"column":18},"end":{"line":158,"column":20}},"30":{"start":{"line":159,"column":18},"end":{"line":159,"column":72}}},"fnMap":{"0":{"name":"SearchBar","decl":{"start":{"line":24,"column":16},"end":{"line":24,"column":25}},"loc":{"start":{"line":31,"column":17},"end":{"line":170,"column":1}}},"1":{"name":"(anonymous_1)","decl":{"start":{"line":38,"column":27},"end":{"line":38,"column":30}},"loc":{"start":{"line":38,"column":32},"end":{"line":44,"column":3}}},"2":{"name":"(anonymous_2)","decl":{"start":{"line":42,"column":14},"end":{"line":42,"column":15}},"loc":{"start":{"line":42,"column":24},"end":{"line":42,"column":64}}},"3":{"name":"(anonymous_3)","decl":{"start":{"line":46,"column":23},"end":{"line":46,"column":24}},"loc":{"start":{"line":46,"column":50},"end":{"line":49,"column":3}}},"4":{"name":"(anonymous_4)","decl":{"start":{"line":74,"column":22},"end":{"line":74,"column":25}},"loc":{"start":{"line":74,"column":28},"end":{"line":74,"column":44}}},"5":{"name":"(anonymous_5)","decl":{"start":{"line":75,"column":22},"end":{"line":75,"column":25}},"loc":{"start":{"line":75,"column":28},"end":{"line":75,"column":45}}},"6":{"name":"(anonymous_6)","decl":{"start":{"line":80,"column":20},"end":{"line":80,"column":21}},"loc":{"start":{"line":80,"column":31},"end":{"line":80,"column":59}}},"7":{"name":"(anonymous_7)","decl":{"start":{"line":81,"column":19},"end":{"line":81,"column":22}},"loc":{"start":{"line":81,"column":25},"end":{"line":81,"column":41}}},"8":{"name":"(anonymous_8)","decl":{"start":{"line":82,"column":18},"end":{"line":82,"column":21}},"loc":{"start":{"line":82,"column":24},"end":{"line":82,"column":41}}},"9":{"name":"(anonymous_9)","decl":{"start":{"line":126,"column":24},"end":{"line":126,"column":25}},"loc":{"start":{"line":127,"column":12},"end":{"line":127,"column":null}}},"10":{"name":"(anonymous_10)","decl":{"start":{"line":130,"column":29},"end":{"line":130,"column":30}},"loc":{"start":{"line":130,"column":40},"end":{"line":130,"column":62}}},"11":{"name":"(anonymous_11)","decl":{"start":{"line":131,"column":25},"end":{"line":131,"column":28}},"loc":{"start":{"line":131,"column":30},"end":{"line":134,"column":17}}},"12":{"name":"(anonymous_12)","decl":{"start":{"line":147,"column":30},"end":{"line":147,"column":31}},"loc":{"start":{"line":147,"column":40},"end":{"line":153,"column":17}}},"13":{"name":"(anonymous_13)","decl":{"start":{"line":154,"column":30},"end":{"line":154,"column":31}},"loc":{"start":{"line":154,"column":40},"end":{"line":160,"column":17}}}},"branchMap":{"0":{"loc":{"start":{"line":28,"column":2},"end":{"line":28,"column":33}},"type":"default-arg","locations":[{"start":{"line":28,"column":16},"end":{"line":28,"column":33}}]},"1":{"loc":{"start":{"line":29,"column":2},"end":{"line":29,"column":18}},"type":"default-arg","locations":[{"start":{"line":29,"column":16},"end":{"line":29,"column":18}}]},"2":{"loc":{"start":{"line":30,"column":2},"end":{"line":30,"column":17}},"type":"default-arg","locations":[{"start":{"line":30,"column":12},"end":{"line":30,"column":17}}]},"3":{"loc":{"start":{"line":36,"column":26},"end":{"line":36,"column":59}},"type":"binary-expr","locations":[{"start":{"line":36,"column":26},"end":{"line":36,"column":33}},{"start":{"line":36,"column":37},"end":{"line":36,"column":59}}]},"4":{"loc":{"start":{"line":40,"column":4},"end":{"line":40,"column":47}},"type":"if","locations":[{"start":{"line":40,"column":4},"end":{"line":40,"column":47}},{"start":{},"end":{}}]},"5":{"loc":{"start":{"line":67,"column":56},"end":{"line":67,"column":73}},"type":"cond-expr","locations":[{"start":{"line":67,"column":66},"end":{"line":67,"column":67}},{"start":{"line":67,"column":70},"end":{"line":67,"column":73}}]},"6":{"loc":{"start":{"line":68,"column":48},"end":{"line":68,"column":69}},"type":"cond-expr","locations":[{"start":{"line":68,"column":58},"end":{"line":68,"column":62}},{"start":{"line":68,"column":65},"end":{"line":68,"column":69}}]},"7":{"loc":{"start":{"line":69,"column":21},"end":{"line":71,"column":59}},"type":"cond-expr","locations":[{"start":{"line":70,"column":14},"end":{"line":70,"column":48}},{"start":{"line":71,"column":14},"end":{"line":71,"column":59}}]},"8":{"loc":{"start":{"line":102,"column":11},"end":{"line":102,"column":45}},"type":"cond-expr","locations":[{"start":{"line":102,"column":21},"end":{"line":102,"column":34}},{"start":{"line":102,"column":37},"end":{"line":102,"column":45}}]},"9":{"loc":{"start":{"line":106,"column":7},"end":{"line":166,"column":null}},"type":"binary-expr","locations":[{"start":{"line":106,"column":7},"end":{"line":106,"column":22}},{"start":{"line":106,"column":26},"end":{"line":106,"column":45}},{"start":{"line":107,"column":8},"end":{"line":165,"column":null}}]}},"s":{"0":8,"1":8,"2":8,"3":8,"4":0,"5":0,"6":0,"7":0,"8":0,"9":0,"10":0,"11":0,"12":0,"13":0,"14":0,"15":0,"16":0,"17":0,"18":0,"19":0,"20":0,"21":0,"22":0,"23":0,"24":0,"25":0,"26":0,"27":0,"28":0,"29":0,"30":0},"f":{"0":0,"1":0,"2":0,"3":0,"4":0,"5":0,"6":0,"7":0,"8":0,"9":0,"10":0,"11":0,"12":0,"13":0},"b":{"0":[0],"1":[0],"2":[0],"3":[0,0],"4":[0,0],"5":[0,0],"6":[0,0],"7":[0,0],"8":[0,0],"9":[0,0,0]}}
,"C:\\Users\\Lucas\\Documents\\GitHub\\prisma-ui\\packages\\sales\\src\\components\\molecules\\SortSelect.tsx": {"path":"C:\\Users\\Lucas\\Documents\\GitHub\\prisma-ui\\packages\\sales\\src\\components\\molecules\\SortSelect.tsx","statementMap":{"0":{"start":{"line":17,"column":0},"end":{"line":17,"column":16}},"1":{"start":{"line":1,"column":0},"end":{"line":1,"column":33}},"2":{"start":{"line":2,"column":0},"end":{"line":2,"column":null}},"3":{"start":{"line":18,"column":49},"end":{"line":18,"column":59}},"4":{"start":{"line":19,"column":32},"end":{"line":19,"column":47}},"5":{"start":{"line":20,"column":32},"end":{"line":20,"column":47}},"6":{"start":{"line":22,"column":2},"end":{"line":63,"column":4}},"7":{"start":{"line":36,"column":29},"end":{"line":36,"column":68}},"8":{"start":{"line":37,"column":23},"end":{"line":37,"column":39}},"9":{"start":{"line":38,"column":22},"end":{"line":38,"column":39}},"10":{"start":{"line":39,"column":28},"end":{"line":39,"column":44}},"11":{"start":{"line":40,"column":28},"end":{"line":40,"column":45}}},"fnMap":{"0":{"name":"SortSelect","decl":{"start":{"line":17,"column":16},"end":{"line":17,"column":26}},"loc":{"start":{"line":17,"column":70},"end":{"line":64,"column":1}}},"1":{"name":"(anonymous_1)","decl":{"start":{"line":36,"column":18},"end":{"line":36,"column":19}},"loc":{"start":{"line":36,"column":29},"end":{"line":36,"column":68}}},"2":{"name":"(anonymous_2)","decl":{"start":{"line":37,"column":17},"end":{"line":37,"column":20}},"loc":{"start":{"line":37,"column":23},"end":{"line":37,"column":39}}},"3":{"name":"(anonymous_3)","decl":{"start":{"line":38,"column":16},"end":{"line":38,"column":19}},"loc":{"start":{"line":38,"column":22},"end":{"line":38,"column":39}}},"4":{"name":"(anonymous_4)","decl":{"start":{"line":39,"column":22},"end":{"line":39,"column":25}},"loc":{"start":{"line":39,"column":28},"end":{"line":39,"column":44}}},"5":{"name":"(anonymous_5)","decl":{"start":{"line":40,"column":22},"end":{"line":40,"column":25}},"loc":{"start":{"line":40,"column":28},"end":{"line":40,"column":45}}}},"branchMap":{"0":{"loc":{"start":{"line":33,"column":7},"end":{"line":33,"column":30}},"type":"binary-expr","locations":[{"start":{"line":33,"column":7},"end":{"line":33,"column":12}},{"start":{"line":33,"column":16},"end":{"line":33,"column":30}}]},"1":{"loc":{"start":{"line":43,"column":56},"end":{"line":43,"column":75}},"type":"cond-expr","locations":[{"start":{"line":43,"column":66},"end":{"line":43,"column":69}},{"start":{"line":43,"column":72},"end":{"line":43,"column":75}}]},"2":{"loc":{"start":{"line":45,"column":22},"end":{"line":47,"column":42}},"type":"cond-expr","locations":[{"start":{"line":46,"column":14},"end":{"line":46,"column":45}},{"start":{"line":47,"column":14},"end":{"line":47,"column":42}}]},"3":{"loc":{"start":{"line":51,"column":21},"end":{"line":51,"column":74}},"type":"cond-expr","locations":[{"start":{"line":51,"column":31},"end":{"line":51,"column":65}},{"start":{"line":51,"column":68},"end":{"line":51,"column":74}}]}},"s":{"0":8,"1":8,"2":8,"3":0,"4":0,"5":0,"6":0,"7":0,"8":0,"9":0,"10":0,"11":0},"f":{"0":0,"1":0,"2":0,"3":0,"4":0,"5":0},"b":{"0":[0,0],"1":[0,0],"2":[0,0],"3":[0,0]}}
,"C:\\Users\\Lucas\\Documents\\GitHub\\prisma-ui\\packages\\sales\\src\\components\\molecules\\Tabs.tsx": {"path":"C:\\Users\\Lucas\\Documents\\GitHub\\prisma-ui\\packages\\sales\\src\\components\\molecules\\Tabs.tsx","statementMap":{"0":{"start":{"line":18,"column":0},"end":{"line":18,"column":16}},"1":{"start":{"line":2,"column":0},"end":{"line":2,"column":66}},"2":{"start":{"line":19,"column":49},"end":{"line":19,"column":59}},"3":{"start":{"line":21,"column":2},"end":{"line":96,"column":4}},"4":{"start":{"line":42,"column":27},"end":{"line":42,"column":46}},"5":{"start":{"line":43,"column":10},"end":{"line":88,"column":12}},"6":{"start":{"line":49,"column":29},"end":{"line":49,"column":48}},"7":{"start":{"line":93,"column":28},"end":{"line":93,"column":47}}},"fnMap":{"0":{"name":"Tabs","decl":{"start":{"line":18,"column":16},"end":{"line":18,"column":20}},"loc":{"start":{"line":18,"column":72},"end":{"line":97,"column":1}}},"1":{"name":"(anonymous_1)","decl":{"start":{"line":41,"column":18},"end":{"line":41,"column":19}},"loc":{"start":{"line":41,"column":26},"end":{"line":89,"column":9}}},"2":{"name":"(anonymous_2)","decl":{"start":{"line":49,"column":23},"end":{"line":49,"column":26}},"loc":{"start":{"line":49,"column":29},"end":{"line":49,"column":48}}},"3":{"name":"(anonymous_3)","decl":{"start":{"line":93,"column":19},"end":{"line":93,"column":20}},"loc":{"start":{"line":93,"column":28},"end":{"line":93,"column":47}}}},"branchMap":{"0":{"loc":{"start":{"line":51,"column":22},"end":{"line":51,"column":45}},"type":"cond-expr","locations":[{"start":{"line":51,"column":32},"end":{"line":51,"column":33}},{"start":{"line":51,"column":36},"end":{"line":51,"column":45}}]},"1":{"loc":{"start":{"line":59,"column":28},"end":{"line":61,"column":33}},"type":"cond-expr","locations":[{"start":{"line":60,"column":20},"end":{"line":60,"column":54}},{"start":{"line":61,"column":20},"end":{"line":61,"column":33}}]},"2":{"loc":{"start":{"line":62,"column":23},"end":{"line":62,"column":65}},"type":"cond-expr","locations":[{"start":{"line":62,"column":34},"end":{"line":62,"column":46}},{"start":{"line":62,"column":49},"end":{"line":62,"column":65}}]},"3":{"loc":{"start":{"line":66,"column":27},"end":{"line":66,"column":74}},"type":"cond-expr","locations":[{"start":{"line":66,"column":38},"end":{"line":66,"column":56}},{"start":{"line":66,"column":59},"end":{"line":66,"column":74}}]},"4":{"loc":{"start":{"line":70,"column":15},"end":{"line":85,"column":null}},"type":"binary-expr","locations":[{"start":{"line":70,"column":15},"end":{"line":70,"column":24}},{"start":{"line":71,"column":16},"end":{"line":84,"column":null}}]}},"s":{"0":8,"1":8,"2":0,"3":0,"4":0,"5":0,"6":0,"7":0},"f":{"0":0,"1":0,"2":0,"3":0},"b":{"0":[0,0],"1":[0,0],"2":[0,0],"3":[0,0],"4":[0,0]}}
,"C:\\Users\\Lucas\\Documents\\GitHub\\prisma-ui\\packages\\sales\\src\\components\\molecules\\Tooltip.tsx": {"path":"C:\\Users\\Lucas\\Documents\\GitHub\\prisma-ui\\packages\\sales\\src\\components\\molecules\\Tooltip.tsx","statementMap":{"0":{"start":{"line":13,"column":0},"end":{"line":13,"column":16}},"1":{"start":{"line":1,"column":0},"end":{"line":1,"column":48}},"2":{"start":{"line":2,"column":0},"end":{"line":2,"column":66}},"3":{"start":{"line":19,"column":49},"end":{"line":19,"column":59}},"4":{"start":{"line":20,"column":32},"end":{"line":20,"column":47}},"5":{"start":{"line":21,"column":21},"end":{"line":21,"column":37}},"6":{"start":{"line":23,"column":15},"end":{"line":25,"column":3}},"7":{"start":{"line":24,"column":4},"end":{"line":24,"column":74}},"8":{"start":{"line":24,"column":49},"end":{"line":24,"column":65}},"9":{"start":{"line":27,"column":15},"end":{"line":30,"column":3}},"10":{"start":{"line":28,"column":4},"end":{"line":28,"column":44}},"11":{"start":{"line":29,"column":4},"end":{"line":29,"column":22}},"12":{"start":{"line":32,"column":27},"end":{"line":69,"column":3}},"13":{"start":{"line":33,"column":19},"end":{"line":33,"column":29}},"14":{"start":{"line":34,"column":17},"end":{"line":37,"column":6}},"15":{"start":{"line":38,"column":4},"end":{"line":68,"column":5}},"16":{"start":{"line":40,"column":8},"end":{"line":45,"column":10}},"17":{"start":{"line":47,"column":8},"end":{"line":52,"column":10}},"18":{"start":{"line":54,"column":8},"end":{"line":59,"column":10}},"19":{"start":{"line":62,"column":8},"end":{"line":67,"column":10}},"20":{"start":{"line":71,"column":24},"end":{"line":71,"column":42}},"21":{"start":{"line":72,"column":24},"end":{"line":72,"column":71}},"22":{"start":{"line":74,"column":4},"end":{"line":80,"column":26}},"23":{"start":{"line":82,"column":2},"end":{"line":131,"column":4}},"24":{"start":{"line":92,"column":10},"end":{"line":92,"column":42}},"25":{"start":{"line":93,"column":10},"end":{"line":93,"column":17}},"26":{"start":{"line":96,"column":10},"end":{"line":96,"column":41}},"27":{"start":{"line":97,"column":10},"end":{"line":97,"column":17}},"28":{"start":{"line":100,"column":10},"end":{"line":100,"column":47}},"29":{"start":{"line":101,"column":10},"end":{"line":101,"column":17}},"30":{"start":{"line":104,"column":10},"end":{"line":104,"column":47}},"31":{"start":{"line":105,"column":10},"end":{"line":105,"column":17}}},"fnMap":{"0":{"name":"Tooltip","decl":{"start":{"line":13,"column":16},"end":{"line":13,"column":23}},"loc":{"start":{"line":18,"column":15},"end":{"line":132,"column":1}}},"1":{"name":"(anonymous_10)","decl":{"start":{"line":23,"column":15},"end":{"line":23,"column":18}},"loc":{"start":{"line":23,"column":20},"end":{"line":25,"column":3}}},"2":{"name":"(anonymous_11)","decl":{"start":{"line":24,"column":43},"end":{"line":24,"column":46}},"loc":{"start":{"line":24,"column":49},"end":{"line":24,"column":65}}},"3":{"name":"(anonymous_12)","decl":{"start":{"line":27,"column":15},"end":{"line":27,"column":18}},"loc":{"start":{"line":27,"column":20},"end":{"line":30,"column":3}}},"4":{"name":"(anonymous_13)","decl":{"start":{"line":32,"column":27},"end":{"line":32,"column":30}},"loc":{"start":{"line":32,"column":32},"end":{"line":69,"column":3}}},"5":{"name":"(anonymous_14)","decl":{"start":{"line":91,"column":17},"end":{"line":91,"column":18}},"loc":{"start":{"line":91,"column":54},"end":{"line":94,"column":9}}},"6":{"name":"(anonymous_15)","decl":{"start":{"line":95,"column":16},"end":{"line":95,"column":17}},"loc":{"start":{"line":95,"column":53},"end":{"line":98,"column":9}}},"7":{"name":"(anonymous_16)","decl":{"start":{"line":99,"column":22},"end":{"line":99,"column":23}},"loc":{"start":{"line":99,"column":59},"end":{"line":102,"column":9}}},"8":{"name":"(anonymous_17)","decl":{"start":{"line":103,"column":22},"end":{"line":103,"column":23}},"loc":{"start":{"line":103,"column":59},"end":{"line":106,"column":9}}}},"branchMap":{"0":{"loc":{"start":{"line":15,"column":2},"end":{"line":15,"column":19}},"type":"default-arg","locations":[{"start":{"line":15,"column":14},"end":{"line":15,"column":19}}]},"1":{"loc":{"start":{"line":17,"column":2},"end":{"line":17,"column":13}},"type":"default-arg","locations":[{"start":{"line":17,"column":10},"end":{"line":17,"column":13}}]},"2":{"loc":{"start":{"line":38,"column":4},"end":{"line":68,"column":5}},"type":"switch","locations":[{"start":{"line":39,"column":6},"end":{"line":45,"column":10}},{"start":{"line":46,"column":6},"end":{"line":52,"column":10}},{"start":{"line":53,"column":6},"end":{"line":59,"column":10}},{"start":{"line":60,"column":6},"end":{"line":60,"column":17}},{"start":{"line":61,"column":6},"end":{"line":67,"column":10}}]},"3":{"loc":{"start":{"line":72,"column":24},"end":{"line":72,"column":71}},"type":"binary-expr","locations":[{"start":{"line":72,"column":24},"end":{"line":72,"column":47}},{"start":{"line":72,"column":51},"end":{"line":72,"column":71}}]},"4":{"loc":{"start":{"line":74,"column":4},"end":{"line":80,"column":26}},"type":"cond-expr","locations":[{"start":{"line":75,"column":8},"end":{"line":75,"column":25}},{"start":{"line":76,"column":8},"end":{"line":80,"column":26}}]},"5":{"loc":{"start":{"line":76,"column":8},"end":{"line":80,"column":26}},"type":"cond-expr","locations":[{"start":{"line":77,"column":8},"end":{"line":77,"column":26}},{"start":{"line":78,"column":8},"end":{"line":80,"column":26}}]},"6":{"loc":{"start":{"line":78,"column":8},"end":{"line":80,"column":26}},"type":"cond-expr","locations":[{"start":{"line":79,"column":8},"end":{"line":79,"column":25}},{"start":{"line":80,"column":8},"end":{"line":80,"column":26}}]},"7":{"loc":{"start":{"line":113,"column":19},"end":{"line":113,"column":34}},"type":"cond-expr","locations":[{"start":{"line":113,"column":29},"end":{"line":113,"column":30}},{"start":{"line":113,"column":33},"end":{"line":113,"column":34}}]},"8":{"loc":{"start":{"line":114,"column":21},"end":{"line":116,"column":48}},"type":"cond-expr","locations":[{"start":{"line":115,"column":14},"end":{"line":115,"column":27}},{"start":{"line":116,"column":14},"end":{"line":116,"column":48}}]}},"s":{"0":8,"1":8,"2":8,"3":0,"4":0,"5":0,"6":0,"7":0,"8":0,"9":0,"10":0,"11":0,"12":0,"13":0,"14":0,"15":0,"16":0,"17":0,"18":0,"19":0,"20":0,"21":0,"22":0,"23":0,"24":0,"25":0,"26":0,"27":0,"28":0,"29":0,"30":0,"31":0},"f":{"0":0,"1":0,"2":0,"3":0,"4":0,"5":0,"6":0,"7":0,"8":0},"b":{"0":[0],"1":[0],"2":[0,0,0,0,0],"3":[0,0],"4":[0,0],"5":[0,0],"6":[0,0],"7":[0,0],"8":[0,0]}}
,"C:\\Users\\Lucas\\Documents\\GitHub\\prisma-ui\\packages\\sales\\src\\components\\molecules\\VariantSelector.tsx": {"path":"C:\\Users\\Lucas\\Documents\\GitHub\\prisma-ui\\packages\\sales\\src\\components\\molecules\\VariantSelector.tsx","statementMap":{"0":{"start":{"line":22,"column":0},"end":{"line":22,"column":16}},"1":{"start":{"line":1,"column":0},"end":{"line":1,"column":66}},"2":{"start":{"line":27,"column":49},"end":{"line":27,"column":59}},"3":{"start":{"line":29,"column":2},"end":{"line":123,"column":4}},"4":{"start":{"line":38,"column":8},"end":{"line":38,"column":28}},"5":{"start":{"line":67,"column":33},"end":{"line":67,"column":65}},"6":{"start":{"line":68,"column":33},"end":{"line":68,"column":48}},"7":{"start":{"line":69,"column":14},"end":{"line":117,"column":16}},"8":{"start":{"line":74,"column":33},"end":{"line":74,"column":62}}},"fnMap":{"0":{"name":"VariantSelector","decl":{"start":{"line":22,"column":16},"end":{"line":22,"column":31}},"loc":{"start":{"line":26,"column":23},"end":{"line":124,"column":1}}},"1":{"name":"(anonymous_1)","decl":{"start":{"line":37,"column":18},"end":{"line":37,"column":19}},"loc":{"start":{"line":38,"column":8},"end":{"line":38,"column":28}}},"2":{"name":"(anonymous_2)","decl":{"start":{"line":66,"column":31},"end":{"line":66,"column":32}},"loc":{"start":{"line":66,"column":42},"end":{"line":118,"column":13}}},"3":{"name":"(anonymous_3)","decl":{"start":{"line":74,"column":27},"end":{"line":74,"column":30}},"loc":{"start":{"line":74,"column":33},"end":{"line":74,"column":62}}}},"branchMap":{"0":{"loc":{"start":{"line":80,"column":22},"end":{"line":80,"column":44}},"type":"cond-expr","locations":[{"start":{"line":80,"column":35},"end":{"line":80,"column":38}},{"start":{"line":80,"column":41},"end":{"line":80,"column":44}}]},"1":{"loc":{"start":{"line":82,"column":32},"end":{"line":84,"column":55}},"type":"cond-expr","locations":[{"start":{"line":83,"column":24},"end":{"line":83,"column":59}},{"start":{"line":84,"column":24},"end":{"line":84,"column":55}}]},"2":{"loc":{"start":{"line":85,"column":27},"end":{"line":89,"column":35}},"type":"cond-expr","locations":[{"start":{"line":86,"column":24},"end":{"line":86,"column":56}},{"start":{"line":87,"column":24},"end":{"line":89,"column":35}}]},"3":{"loc":{"start":{"line":87,"column":24},"end":{"line":89,"column":35}},"type":"cond-expr","locations":[{"start":{"line":88,"column":24},"end":{"line":88,"column":36}},{"start":{"line":89,"column":24},"end":{"line":89,"column":35}}]},"4":{"loc":{"start":{"line":91,"column":28},"end":{"line":91,"column":66}},"type":"cond-expr","locations":[{"start":{"line":91,"column":41},"end":{"line":91,"column":54}},{"start":{"line":91,"column":57},"end":{"line":91,"column":66}}]},"5":{"loc":{"start":{"line":97,"column":31},"end":{"line":99,"column":39}},"type":"cond-expr","locations":[{"start":{"line":98,"column":24},"end":{"line":98,"column":42}},{"start":{"line":99,"column":24},"end":{"line":99,"column":39}}]},"6":{"loc":{"start":{"line":100,"column":29},"end":{"line":100,"column":49}},"type":"cond-expr","locations":[{"start":{"line":100,"column":42},"end":{"line":100,"column":45}},{"start":{"line":100,"column":48},"end":{"line":100,"column":49}}]},"7":{"loc":{"start":{"line":105,"column":19},"end":{"line":114,"column":null}},"type":"binary-expr","locations":[{"start":{"line":105,"column":19},"end":{"line":105,"column":37}},{"start":{"line":106,"column":20},"end":{"line":113,"column":null}}]}},"s":{"0":8,"1":8,"2":0,"3":0,"4":0,"5":0,"6":0,"7":0,"8":0},"f":{"0":0,"1":0,"2":0,"3":0},"b":{"0":[0,0],"1":[0,0],"2":[0,0],"3":[0,0],"4":[0,0],"5":[0,0],"6":[0,0],"7":[0,0]}}
[...]
nd":{"line":174,"column":20}},"51":{"start":{"line":175,"column":4},"end":{"line":175,"column":62}},"52":{"start":{"line":178,"column":2},"end":{"line":352,"column":4}},"53":{"start":{"line":198,"column":14},"end":{"line":199,"column":null}},"54":{"start":{"line":200,"column":31},"end":{"line":200,"column":47}},"55":{"start":{"line":238,"column":33},"end":{"line":238,"column":50}},"56":{"start":{"line":238,"column":47},"end":{"line":238,"column":49}},"57":{"start":{"line":253,"column":16},"end":{"line":253,"column":67}},"58":{"start":{"line":253,"column":46},"end":{"line":253,"column":65}},"59":{"start":{"line":258,"column":16},"end":{"line":258,"column":26}},"60":{"start":{"line":259,"column":16},"end":{"line":259,"column":26}},"61":{"start":{"line":262,"column":16},"end":{"line":262,"column":26}},"62":{"start":{"line":263,"column":16},"end":{"line":263,"column":28}},"63":{"start":{"line":267,"column":38},"end":{"line":267,"column":55}},"64":{"start":{"line":267,"column":52},"end":{"line":267,"column":54}},"65":{"start":{"line":280,"column":38},"end":{"line":280,"column":56}},"66":{"start":{"line":281,"column":33},"end":{"line":281,"column":75}},"67":{"start":{"line":281,"column":56},"end":{"line":281,"column":74}},"68":{"start":{"line":283,"column":16},"end":{"line":284,"column":null}},"69":{"start":{"line":284,"column":18},"end":{"line":284,"column":59}},"70":{"start":{"line":290,"column":33},"end":{"line":290,"column":51}},"71":{"start":{"line":312,"column":32},"end":{"line":312,"column":49}},"72":{"start":{"line":313,"column":33},"end":{"line":313,"column":51}},"73":{"start":{"line":332,"column":16},"end":{"line":332,"column":35}},"74":{"start":{"line":333,"column":16},"end":{"line":333,"column":35}},"75":{"start":{"line":336,"column":33},"end":{"line":336,"column":51}},"76":{"start":{"line":337,"column":34},"end":{"line":337,"column":53}},"77":{"start":{"line":339,"column":34},"end":{"line":339,"column":53}},"78":{"start":{"line":340,"column":35},"end":{"line":340,"column":55}},"79":{"start":{"line":342,"column":33},"end":{"line":342,"column":51}},"80":{"start":{"line":343,"column":34},"end":{"line":343,"column":53}},"81":{"start":{"line":346,"column":38},"end":{"line":346,"column":55}},"82":{"start":{"line":346,"column":52},"end":{"line":346,"column":54}}},"fnMap":{"0":{"name":"Section","decl":{"start":{"line":8,"column":9},"end":{"line":8,"column":16}},"loc":{"start":{"line":13,"column":76},"end":{"line":51,"column":1}}},"1":{"name":"ComponentsGallery","decl":{"start":{"line":53,"column":16},"end":{"line":53,"column":33}},"loc":{"start":{"line":53,"column":33},"end":{"line":353,"column":1}}},"2":{"name":"(anonymous_2)","decl":{"start":{"line":116,"column":4},"end":{"line":116,"column":7}},"loc":{"start":{"line":116,"column":10},"end":{"line":136,"column":null}}},"3":{"name":"(anonymous_3)","decl":{"start":{"line":150,"column":12},"end":{"line":150,"column":15}},"loc":{"start":{"line":150,"column":17},"end":{"line":169,"column":3}}},"4":{"name":"(anonymous_4)","decl":{"start":{"line":152,"column":11},"end":{"line":152,"column":12}},"loc":{"start":{"line":152,"column":18},"end":{"line":152,"column":47}}},"5":{"name":"(anonymous_5)","decl":{"start":{"line":158,"column":6},"end":{"line":158,"column":7}},"loc":{"start":{"line":158,"column":18},"end":{"line":163,"column":7}}},"6":{"name":"(anonymous_6)","decl":{"start":{"line":160,"column":18},"end":{"line":160,"column":19}},"loc":{"start":{"line":160,"column":25},"end":{"line":160,"column":41}}},"7":{"name":"(anonymous_7)","decl":{"start":{"line":161,"column":16},"end":{"line":161,"column":17}},"loc":{"start":{"line":161,"column":26},"end":{"line":161,"column":67}}},"8":{"name":"(anonymous_8)","decl":{"start":{"line":167,"column":16},"end":{"line":167,"column":17}},"loc":{"start":{"line":167,"column":24},"end":{"line":167,"column":56}}},"9":{"name":"(anonymous_9)","decl":{"start":{"line":168,"column":11},"end":{"line":168,"column":14}},"loc":{"start":{"line":168,"column":17},"end":{"line":168,"column":50}}},"10":{"name":"(anonymous_10)","decl":{"start":{"line":172,"column":21},"end":{"line":172,"column":22}},"loc":{"start":{"line":172,"column":36},"end":{"line":176,"column":3}}},"11":{"name":"(anonymous_11)","decl":{"start":{"line":197,"column":26},"end":{"line":197,"column":27}},"loc":{"start":{"line":198,"column":14},"end":{"line":199,"column":null}}},"12":{"name":"(anonymous_12)","decl":{"start":{"line":200,"column":25},"end":{"line":200,"column":28}},"loc":{"start":{"line":200,"column":31},"end":{"line":200,"column":47}}},"13":{"name":"(anonymous_13)","decl":{"start":{"line":238,"column":27},"end":{"line":238,"column":30}},"loc":{"start":{"line":238,"column":33},"end":{"line":238,"column":50}}},"14":{"name":"(anonymous_14)","decl":{"start":{"line":238,"column":40},"end":{"line":238,"column":41}},"loc":{"start":{"line":238,"column":47},"end":{"line":238,"column":49}}},"15":{"name":"(anonymous_15)","decl":{"start":{"line":252,"column":31},"end":{"line":252,"column":32}},"loc":{"start":{"line":253,"column":16},"end":{"line":253,"column":67}}},"16":{"name":"(anonymous_16)","decl":{"start":{"line":253,"column":35},"end":{"line":253,"column":36}},"loc":{"start":{"line":253,"column":46},"end":{"line":253,"column":65}}},"17":{"name":"(anonymous_17)","decl":{"start":{"line":257,"column":34},"end":{"line":257,"column":35}},"loc":{"start":{"line":257,"column":45},"end":{"line":260,"column":15}}},"18":{"name":"(anonymous_18)","decl":{"start":{"line":261,"column":30},"end":{"line":261,"column":33}},"loc":{"start":{"line":261,"column":35},"end":{"line":264,"column":15}}},"19":{"name":"(anonymous_19)","decl":{"start":{"line":267,"column":32},"end":{"line":267,"column":35}},"loc":{"start":{"line":267,"column":38},"end":{"line":267,"column":55}}},"20":{"name":"(anonymous_20)","decl":{"start":{"line":267,"column":45},"end":{"line":267,"column":46}},"loc":{"start":{"line":267,"column":52},"end":{"line":267,"column":54}}},"21":{"name":"(anonymous_21)","decl":{"start":{"line":280,"column":31},"end":{"line":280,"column":32}},"loc":{"start":{"line":280,"column":38},"end":{"line":280,"column":56}}},"22":{"name":"(anonymous_22)","decl":{"start":{"line":281,"column":27},"end":{"line":281,"column":30}},"loc":{"start":{"line":281,"column":33},"end":{"line":281,"column":75}}},"23":{"name":"(anonymous_23)","decl":{"start":{"line":281,"column":49},"end":{"line":281,"column":50}},"loc":{"start":{"line":281,"column":56},"end":{"line":281,"column":74}}},"24":{"name":"(anonymous_24)","decl":{"start":{"line":282,"column":27},"end":{"line":282,"column":30}},"loc":{"start":{"line":283,"column":16},"end":{"line":284,"column":null}}},"25":{"name":"(anonymous_25)","decl":{"start":{"line":283,"column":32},"end":{"line":283,"column":33}},"loc":{"start":{"line":284,"column":18},"end":{"line":284,"column":59}}},"26":{"name":"(anonymous_26)","decl":{"start":{"line":290,"column":27},"end":{"line":290,"column":30}},"loc":{"start":{"line":290,"column":33},"end":{"line":290,"column":51}}},"27":{"name":"(anonymous_27)","decl":{"start":{"line":312,"column":26},"end":{"line":312,"column":29}},"loc":{"start":{"line":312,"column":32},"end":{"line":312,"column":49}}},"28":{"name":"(anonymous_28)","decl":{"start":{"line":313,"column":27},"end":{"line":313,"column":30}},"loc":{"start":{"line":313,"column":33},"end":{"line":313,"column":51}}},"29":{"name":"(anonymous_29)","decl":{"start":{"line":331,"column":26},"end":{"line":331,"column":29}},"loc":{"start":{"line":331,"column":31},"end":{"line":334,"column":15}}},"30":{"name":"(anonymous_30)","decl":{"start":{"line":336,"column":27},"end":{"line":336,"column":30}},"loc":{"start":{"line":336,"column":33},"end":{"line":336,"column":51}}},"31":{"name":"(anonymous_31)","decl":{"start":{"line":337,"column":28},"end":{"line":337,"column":31}},"loc":{"start":{"line":337,"column":34},"end":{"line":337,"column":53}}},"32":{"name":"(anonymous_32)","decl":{"start":{"line":339,"column":28},"end":{"line":339,"column":31}},"loc":{"start":{"line":339,"column":34},"end":{"line":339,"column":53}}},"33":{"name":"(anonymous_33)","decl":{"start":{"line":340,"column":29},"end":{"line":340,"column":32}},"loc":{"start":{"line":340,"column":35},"end":{"line":340,"column":55}}},"34":{"name":"(anonymous_34)","decl":{"start":{"line":342,"column":27},"end":{"line":342,"column":30}},"loc":{"start":{"line":342,"column":33},"end":{"line":342,"column":51}}},"35":{"name":"(anonymous_35)","decl":{"start":{"line":343,"column":28},"end":{"line":343,"column":31}},"loc":{"start":{"line":343,"column":34},"end":{"line":343,"column":53}}},"36":{"name":"(anonymous_36)","decl":{"start":{"line":346,"column":32},"end":{"line":346,"column":35}},"loc":{"start":{"line":346,"column":38},"end":{"line":346,"column":55}}},"37":{"name":"(anonymous_37)","decl":{"start":{"line":346,"column":45},"end":{"line":346,"column":46}},"loc":{"start":{"line":346,"column":52},"end":{"line":346,"column":54}}}},"branchMap":{"0":{"loc":{"start":{"line":34,"column":9},"end":{"line":45,"column":null}},"type":"binary-expr","locations":[{"start":{"line":34,"column":9},"end":{"line":34,"column":17}},{"start":{"line":35,"column":10},"end":{"line":44,"column":null}}]},"1":{"loc":{"start":{"line":62,"column":25},"end":{"line":62,"column":51}},"type":"cond-expr","locations":[{"start":{"line":62,"column":32},"end":{"line":62,"column":37}},{"start":{"line":62,"column":40},"end":{"line":62,"column":51}}]},"2":{"loc":{"start":{"line":68,"column":14},"end":{"line":68,"column":40}},"type":"cond-expr","locations":[{"start":{"line":68,"column":21},"end":{"line":68,"column":29}},{"start":{"line":68,"column":32},"end":{"line":68,"column":40}}]},"3":{"loc":{"start":{"line":69,"column":9},"end":{"line":69,"column":30}},"type":"cond-expr","locations":[{"start":{"line":69,"column":16},"end":{"line":69,"column":25}},{"start":{"line":69,"column":28},"end":{"line":69,"column":30}}]},"4":{"loc":{"start":{"line":154,"column":4},"end":{"line":154,"column":28}},"type":"if","locations":[{"start":{"line":154,"column":4},"end":{"line":154,"column":28}},{"start":{},"end":{}}]},"5":{"loc":{"start":{"line":162,"column":8},"end":{"line":162,"column":62}},"type":"if","locations":[{"start":{"line":162,"column":8},"end":{"line":162,"column":62}},{"start":{},"end":{}}]},"6":{"loc":{"start":{"line":174,"column":4},"end":{"line":174,"column":20}},"type":"if","locations":[{"start":{"line":174,"column":4},"end":{"line":174,"column":20}},{"start":{},"end":{}}]},"7":{"loc":{"start":{"line":206,"column":30},"end":{"line":206,"column":78}},"type":"cond-expr","locations":[{"start":{"line":206,"column":48},"end":{"line":206,"column":62}},{"start":{"line":206,"column":65},"end":{"line":206,"column":78}}]},"8":{"loc":{"start":{"line":207,"column":25},"end":{"line":207,"column":73}},"type":"cond-expr","locations":[{"start":{"line":207,"column":43},"end":{"line":207,"column":54}},{"start":{"line":207,"column":57},"end":{"line":207,"column":73}}]}},"s":{"0":8,"1":8,"2":8,"3":8,"4":8,"5":8,"6":0,"7":0,"8":0,"9":0,"10":0,"11":0,"12":0,"13":0,"14":0,"15":0,"16":0,"17":0,"18":0,"19":0,"20":0,"21":0,"22":0,"23":0,"24":0,"25":0,"26":0,"27":0,"28":0,"29":0,"30":0,"31":0,"32":0,"33":0,"34":0,"35":0,"36":0,"37":0,"38":0,"39":0,"40":0,"41":0,"42":0,"43":0,"44":0,"45":0,"46":0,"47":0,"48":0,"49":0,"50":0,"51":0,"52":0,"53":0,"54":0,"55":0,"56":0,"57":0,"58":0,"59":0,"60":0,"61":0,"62":0,"63":0,"64":0,"65":0,"66":0,"67":0,"68":0,"69":0,"70":0,"71":0,"72":0,"73":0,"74":0,"75":0,"76":0,"77":0,"78":0,"79":0,"80":0,"81":0,"82":0},"f":{"0":0,"1":0,"2":0,"3":0,"4":0,"5":0,"6":0,"7":0,"8":0,"9":0,"10":0,"11":0,"12":0,"13":0,"14":0,"15":0,"16":0,"17":0,"18":0,"19":0,"20":0,"21":0,"22":0,"23":0,"24":0,"25":0,"26":0,"27":0,"28":0,"29":0,"30":0,"31":0,"32":0,"33":0,"34":0,"35":0,"36":0,"37":0},"b":{"0":[0,0],"1":[0,0],"2":[0,0],"3":[0,0],"4":[0,0],"5":[0,0],"6":[0,0],"7":[0,0],"8":[0,0]}}
,"C:\\Users\\Lucas\\Documents\\GitHub\\prisma-ui\\packages\\sales\\src\\components\\templates\\ProductDetail.tsx": {"path":"C:\\Users\\Lucas\\Documents\\GitHub\\prisma-ui\\packages\\sales\\src\\components\\templates\\ProductDetail.tsx","statementMap":{"0":{"start":{"line":15,"column":0},"end":{"line":15,"column":16}},"1":{"start":{"line":1,"column":0},"end":{"line":1,"column":33}},"2":{"start":{"line":2,"column":0},"end":{"line":2,"column":50}},"3":{"start":{"line":4,"column":0},"end":{"line":4,"column":69}},"4":{"start":{"line":5,"column":0},"end":{"line":5,"column":63}},"5":{"start":{"line":6,"column":0},"end":{"line":6,"column":49}},"6":{"start":{"line":21,"column":25},"end":{"line":21,"column":41}},"7":{"start":{"line":23,"column":44},"end":{"line":28,"column":4}},"8":{"start":{"line":30,"column":17},"end":{"line":33,"column":5}},"9":{"start":{"line":30,"column":57},"end":{"line":33,"column":4}},"10":{"start":{"line":34,"column":34},"end":{"line":34,"column":45}},"11":{"start":{"line":36,"column":26},"end":{"line":38,"column":3}},"12":{"start":{"line":37,"column":4},"end":{"line":37,"column":37}},"13":{"start":{"line":40,"column":2},"end":{"line":70,"column":4}}},"fnMap":{"0":{"name":"ProductDetail","decl":{"start":{"line":15,"column":16},"end":{"line":15,"column":29}},"loc":{"start":{"line":20,"column":21},"end":{"line":71,"column":1}}},"1":{"name":"(anonymous_1)","decl":{"start":{"line":30,"column":44},"end":{"line":30,"column":45}},"loc":{"start":{"line":30,"column":57},"end":{"line":33,"column":4}}},"2":{"name":"(anonymous_2)","decl":{"start":{"line":36,"column":26},"end":{"line":36,"column":29}},"loc":{"start":{"line":36,"column":31},"end":{"line":38,"column":3}}}},"branchMap":{"0":{"loc":{"start":{"line":27,"column":25},"end":{"line":27,"column":73}},"type":"cond-expr","locations":[{"start":{"line":27,"column":32},"end":{"line":27,"column":37}},{"start":{"line":27,"column":40},"end":{"line":27,"column":73}}]},"1":{"loc":{"start":{"line":27,"column":40},"end":{"line":27,"column":73}},"type":"cond-expr","locations":[{"start":{"line":27,"column":47},"end":{"line":27,"column":59}},{"start":{"line":27,"column":62},"end":{"line":27,"column":73}}]},"2":{"loc":{"start":{"line":30,"column":18},"end":{"line":30,"column":38}},"type":"binary-expr","locations":[{"start":{"line":30,"column":18},"end":{"line":30,"column":32}},{"start":{"line":30,"column":36},"end":{"line":30,"column":38}}]},"3":{"loc":{"start":{"line":48,"column":23},"end":{"line":48,"column":61}},"type":"cond-expr","locations":[{"start":{"line":48,"column":30},"end":{"line":48,"column":36}},{"start":{"line":48,"column":39},"end":{"line":48,"column":61}}]},"4":{"loc":{"start":{"line":48,"column":39},"end":{"line":48,"column":61}},"type":"cond-expr","locations":[{"start":{"line":48,"column":46},"end":{"line":48,"column":52}},{"start":{"line":48,"column":55},"end":{"line":48,"column":61}}]}},"s":{"0":8,"1":8,"2":8,"3":8,"4":8,"5":8,"6":0,"7":0,"8":0,"9":0,"10":0,"11":0,"12":0,"13":0},"f":{"0":0,"1":0,"2":0},"b":{"0":[0,0],"1":[0,0],"2":[0,0],"3":[0,0],"4":[0,0]}}
,"C:\\Users\\Lucas\\Documents\\GitHub\\prisma-ui\\packages\\sales\\src\\test-utils\\helpers.tsx": {"path":"C:\\Users\\Lucas\\Documents\\GitHub\\prisma-ui\\packages\\sales\\src\\test-utils\\helpers.tsx","statementMap":{"0":{"start":{"line":2,"column":0},"end":{"line":2,"column":48}},"1":{"start":{"line":3,"column":0},"end":{"line":3,"column":57}},"2":{"start":{"line":5,"column":25},"end":{"line":8,"column":null}},"3":{"start":{"line":6,"column":2},"end":{"line":7,"column":null}},"4":{"start":{"line":5,"column":13},"end":{"line":5,"column":25}},"5":{"start":{"line":11,"column":27},"end":{"line":29,"column":2}},"6":{"start":{"line":15,"column":15},"end":{"line":29,"column":2}},"7":{"start":{"line":11,"column":13},"end":{"line":11,"column":27}}},"fnMap":{"0":{"name":"(anonymous_0)","decl":{"start":{"line":5,"column":25},"end":{"line":5,"column":26}},"loc":{"start":{"line":6,"column":2},"end":{"line":7,"column":null}}},"1":{"name":"(anonymous_1)","decl":{"start":{"line":11,"column":27},"end":{"line":11,"column":null}},"loc":{"start":{"line":15,"column":15},"end":{"line":29,"column":2}}}},"branchMap":{"0":{"loc":{"start":{"line":14,"column":2},"end":{"line":14,"column":34}},"type":"default-arg","locations":[{"start":{"line":14,"column":32},"end":{"line":14,"column":34}}]},"1":{"loc":{"start":{"line":18,"column":9},"end":{"line":18,"column":39}},"type":"binary-expr","locations":[{"start":{"line":18,"column":9},"end":{"line":18,"column":24}},{"start":{"line":18,"column":28},"end":{"line":18,"column":39}}]}},"s":{"0":8,"1":8,"2":8,"3":20,"4":8,"5":8,"6":2,"7":8},"f":{"0":20,"1":2},"b":{"0":[2],"1":[2,2]}}
,"C:\\Users\\Lucas\\Documents\\GitHub\\prisma-ui\\packages\\sales\\src\\themes\\clothingShop.ts": {"path":"C:\\Users\\Lucas\\Documents\\GitHub\\prisma-ui\\packages\\sales\\src\\themes\\clothingShop.ts","statementMap":{"0":{"start":{"line":1,"column":0},"end":{"line":1,"column":null}},"1":{"start":{"line":8,"column":35},"end":{"line":13,"column":2}},"2":{"start":{"line":15,"column":34},"end":{"line":24,"column":2}},"3":{"start":{"line":26,"column":13},"end":{"line":33,"column":3}}},"fnMap":{},"branchMap":{},"s":{"0":8,"1":8,"2":8,"3":8},"f":{},"b":{}}
,"C:\\Users\\Lucas\\Documents\\GitHub\\prisma-ui\\packages\\sales\\src\\themes\\drugstoreShop.ts": {"path":"C:\\Users\\Lucas\\Documents\\GitHub\\prisma-ui\\packages\\sales\\src\\themes\\drugstoreShop.ts","statementMap":{"0":{"start":{"line":1,"column":0},"end":{"line":1,"column":86}},"1":{"start":{"line":3,"column":36},"end":{"line":8,"column":2}},"2":{"start":{"line":10,"column":35},"end":{"line":19,"column":2}},"3":{"start":{"line":21,"column":13},"end":{"line":28,"column":3}}},"fnMap":{},"branchMap":{},"s":{"0":8,"1":8,"2":8,"3":8},"f":{},"b":{}}
,"C:\\Users\\Lucas\\Documents\\GitHub\\prisma-ui\\packages\\sales\\src\\themes\\electronicsShop.ts": {"path":"C:\\Users\\Lucas\\Documents\\GitHub\\prisma-ui\\packages\\sales\\src\\themes\\electronicsShop.ts","statementMap":{"0":{"start":{"line":1,"column":0},"end":{"line":1,"column":null}},"1":{"start":{"line":8,"column":38},"end":{"line":13,"column":2}},"2":{"start":{"line":15,"column":37},"end":{"line":24,"column":2}},"3":{"start":{"line":26,"column":13},"end":{"line":33,"column":3}}},"fnMap":{},"branchMap":{},"s":{"0":8,"1":8,"2":8,"3":8},"f":{},"b":{}}
,"C:\\Users\\Lucas\\Documents\\GitHub\\prisma-ui\\packages\\sales\\src\\themes\\index.ts": {"path":"C:\\Users\\Lucas\\Documents\\GitHub\\prisma-ui\\packages\\sales\\src\\themes\\index.ts","statementMap":{"0":{"start":{"line":1,"column":0},"end":{"line":1,"column":26}},"1":{"start":{"line":2,"column":0},"end":{"line":2,"column":26}},"2":{"start":{"line":3,"column":0},"end":{"line":3,"column":31}},"3":{"start":{"line":4,"column":0},"end":{"line":4,"column":34}},"4":{"start":{"line":5,"column":0},"end":{"line":5,"column":32}}},"fnMap":{},"branchMap":{},"s":{"0":8,"1":8,"2":8,"3":8,"4":8},"f":{},"b":{}}
,"C:\\Users\\Lucas\\Documents\\GitHub\\prisma-ui\\packages\\sales\\src\\themes\\petShop.ts": {"path":"C:\\Users\\Lucas\\Documents\\GitHub\\prisma-ui\\packages\\sales\\src\\themes\\petShop.ts","statementMap":{"0":{"start":{"line":1,"column":0},"end":{"line":1,"column":86}},"1":{"start":{"line":3,"column":34},"end":{"line":8,"column":2}},"2":{"start":{"line":10,"column":33},"end":{"line":19,"column":2}},"3":{"start":{"line":21,"column":13},"end":{"line":28,"column":3}}},"fnMap":{},"branchMap":{},"s":{"0":8,"1":8,"2":8,"3":8},"f":{},"b":{}}
,"C:\\Users\\Lucas\\Documents\\GitHub\\prisma-ui\\packages\\sales\\src\\themes\\toyShop.ts": {"path":"C:\\Users\\Lucas\\Documents\\GitHub\\prisma-ui\\packages\\sales\\src\\themes\\toyShop.ts","statementMap":{"0":{"start":{"line":1,"column":0},"end":{"line":1,"column":86}},"1":{"start":{"line":3,"column":34},"end":{"line":8,"column":2}},"2":{"start":{"line":10,"column":33},"end":{"line":19,"column":2}},"3":{"start":{"line":21,"column":13},"end":{"line":28,"column":3}}},"fnMap":{},"branchMap":{},"s":{"0":8,"1":8,"2":8,"3":8},"f":{},"b":{}}
}
