TN:
SF:src\index.ts
FNF:0
FNH:0
DA:1,8
DA:4,8
DA:5,8
DA:6,8
DA:7,8
DA:8,8
DA:9,8
DA:10,8
DA:11,8
DA:14,8
DA:15,8
DA:16,8
DA:17,8
DA:18,8
DA:19,8
DA:20,8
DA:21,8
DA:22,8
DA:23,8
DA:24,8
DA:25,8
DA:26,8
DA:29,8
DA:30,8
DA:31,8
DA:32,8
DA:33,8
DA:34,8
DA:35,8
DA:36,8
DA:37,8
DA:38,8
DA:39,8
DA:40,8
DA:41,8
DA:42,8
DA:43,8
DA:44,8
DA:47,8
DA:48,8
LF:40
LH:40
BRF:0
BRH:0
end_of_record
TN:
SF:src\components\atoms\Badge.tsx
FN:29,Badge
FNF:1
FNH:0
FNDA:0,Badge
DA:1,8
DA:24,8
DA:29,8
DA:36,0
DA:37,0
DA:39,0
DA:48,0
DA:50,0
DA:56,0
DA:62,0
DA:68,0
LF:11
LH:3
BRDA:31,0,0,0
BRDA:32,1,0,0
BRDA:33,2,0,0
BRDA:87,3,0,0
BRDA:87,3,1,0
BRF:5
BRH:0
end_of_record
TN:
SF:src\components\atoms\Button.tsx
FN:31,Button
FN:109,(anonymous_1)
FN:113,(anonymous_2)
FN:118,(anonymous_3)
FN:124,(anonymous_4)
FN:128,(anonymous_5)
FN:132,(anonymous_6)
FNF:7
FNH:1
FNDA:36,Button
FNDA:0,(anonymous_1)
FNDA:0,(anonymous_2)
FNDA:0,(anonymous_3)
FNDA:0,(anonymous_4)
FNDA:0,(anonymous_5)
FNDA:0,(anonymous_6)
DA:1,8
DA:2,8
DA:25,8
DA:31,8
DA:43,36
DA:44,36
DA:45,36
DA:46,36
DA:47,36
DA:49,36
DA:57,36
DA:59,36
DA:60,36
DA:61,36
DA:63,36
DA:69,36
DA:75,36
DA:81,36
DA:87,36
DA:94,36
DA:98,36
DA:100,36
DA:104,36
DA:110,0
DA:111,0
DA:114,0
DA:115,0
DA:116,0
DA:119,0
DA:120,0
DA:122,0
DA:125,0
DA:126,0
DA:129,0
DA:130,0
DA:133,0
DA:134,0
DA:135,0
LF:38
LH:23
BRDA:33,0,0,33
BRDA:34,1,0,3
BRDA:35,2,0,34
BRDA:57,3,0,36
BRDA:57,3,1,0
BRDA:94,4,0,3
BRDA:94,4,1,33
BRDA:98,5,0,3
BRDA:98,5,1,33
BRDA:100,6,0,9
BRDA:100,6,1,27
BRDA:102,7,0,27
BRDA:102,7,1,0
BRDA:119,8,0,0
BRDA:119,8,1,0
BRDA:119,9,0,0
BRDA:119,9,1,0
BRDA:145,10,0,9
BRDA:145,10,1,27
BRDA:147,11,0,9
BRDA:147,11,1,27
BRDA:149,12,0,0
BRDA:149,12,1,27
BRDA:151,13,0,0
BRDA:151,13,1,27
BRDA:161,14,0,2
BRDA:161,14,1,34
BRDA:162,15,0,9
BRDA:162,15,1,27
BRDA:163,16,0,0
BRDA:163,16,1,36
BRDA:170,17,0,0
BRDA:170,17,1,36
BRDA:172,18,0,0
BRDA:172,18,1,36
BRDA:172,19,0,36
BRDA:172,19,1,0
BRDA:180,20,0,36
BRDA:180,20,1,0
BRDA:187,21,0,0
BRDA:187,21,1,0
BRDA:194,22,0,36
BRDA:194,22,1,0
BRDA:201,23,0,0
BRDA:201,23,1,0
BRF:45
BRH:27
end_of_record
TN:
SF:src\components\atoms\DiscountBadge.tsx
FN:7,DiscountBadge
FNF:1
FNH:1
FNDA:3,DiscountBadge
DA:1,8
DA:7,8
DA:8,3
DA:10,3
DA:11,3
DA:12,3
DA:14,3
LF:7
LH:7
BRF:0
BRH:0
end_of_record
TN:
SF:src\components\atoms\FavoriteButton.tsx
FN:13,FavoriteButton
FNF:1
FNH:1
FNDA:3,FavoriteButton
DA:1,8
DA:2,8
DA:13,8
DA:21,3
DA:22,3
DA:24,3
LF:6
LH:6
BRDA:16,0,0,3
BRDA:17,1,0,3
BRDA:18,2,0,3
BRDA:19,3,0,3
BRDA:22,4,0,0
BRDA:22,4,1,3
BRDA:37,5,0,3
BRDA:37,5,1,0
BRDA:44,6,0,0
BRDA:44,6,1,3
BRF:10
BRH:7
end_of_record
TN:
SF:src\components\atoms\PriceTag.tsx
FN:12,PriceTag
FNF:1
FNH:1
FNDA:4,PriceTag
DA:1,8
DA:2,8
DA:12,8
DA:19,4
DA:22,4
DA:24,4
DA:28,4
DA:32,4
DA:33,4
DA:35,4
LF:10
LH:10
BRDA:15,0,0,4
BRDA:16,1,0,4
BRDA:17,2,0,4
BRDA:22,3,0,4
BRDA:22,3,1,3
BRDA:48,4,0,4
BRDA:48,4,1,3
BRDA:81,5,0,4
BRDA:81,5,1,3
BRDA:101,6,0,3
BRDA:101,6,1,1
BRF:11
BRH:11
end_of_record
TN:
SF:src\components\atoms\RatingStars.tsx
FN:13,RatingStars
FN:37,(anonymous_1)
FNF:2
FNH:2
FNDA:2,RatingStars
FNDA:10,(anonymous_1)
DA:1,8
DA:11,8
DA:13,8
DA:20,2
DA:22,2
DA:23,2
DA:24,2
DA:25,2
DA:27,2
DA:38,10
DA:39,10
LF:11
LH:11
BRDA:15,0,0,2
BRDA:16,1,0,2
BRDA:18,2,0,2
BRDA:30,3,0,2
BRDA:30,3,1,0
BRDA:46,4,0,8
BRDA:46,4,1,2
BRDA:48,5,0,10
BRDA:48,5,1,0
BRDA:51,6,0,8
BRDA:51,6,1,2
BRDA:55,7,0,2
BRDA:55,7,1,2
BRF:13
BRH:11
end_of_record
TN:
SF:src\components\atoms\StockBadge.tsx
FN:15,StockBadge
FNF:1
FNH:1
FNDA:2,StockBadge
DA:1,8
DA:5,8
DA:15,8
DA:16,2
DA:18,2
DA:24,2
DA:25,2
DA:26,2
DA:28,2
LF:9
LH:9
BRDA:26,0,0,0
BRDA:26,0,1,2
BRF:2
BRH:1
end_of_record
TN:
SF:src\components\atoms\Tag.tsx
FN:7,Tag
FNF:1
FNH:1
FNDA:2,Tag
DA:1,8
DA:7,8
DA:8,2
DA:10,2
DA:11,2
DA:12,2
DA:14,2
LF:7
LH:7
BRF:0
BRH:0
end_of_record
TN:
SF:src\components\molecules\BrandFilters.tsx
FN:19,(anonymous_1)
FN:32,(anonymous_2)
FN:36,(anonymous_3)
FN:41,(anonymous_4)
FN:48,(anonymous_5)
FN:51,(anonymous_6)
FN:111,(anonymous_7)
FN:119,(anonymous_8)
FNF:8
FNH:8
FNDA:3,(anonymous_1)
FNDA:1,(anonymous_2)
FNDA:1,(anonymous_3)
FNDA:3,(anonymous_4)
FNDA:2,(anonymous_5)
FNDA:1,(anonymous_6)
FNDA:4,(anonymous_7)
FNDA:2,(anonymous_8)
DA:1,8
DA:2,8
DA:3,8
DA:4,8
DA:19,8
DA:29,3
DA:30,3
DA:32,3
DA:33,1
DA:34,1
DA:36,3
DA:37,1
DA:38,1
DA:41,3
DA:42,3
DA:43,3
DA:44,3
DA:45,3
DA:48,3
DA:49,2
DA:51,1
DA:56,3
DA:112,4
DA:119,2
LF:24
LH:24
BRDA:42,0,0,3
BRDA:42,0,1,0
BRDA:50,1,0,1
BRDA:50,1,1,1
BRF:4
BRH:3
end_of_record
TN:
SF:src\components\molecules\Breadcrumbs.tsx
FN:15,Breadcrumbs
FN:33,(anonymous_1)
FNF:2
FNH:0
FNDA:0,Breadcrumbs
FNDA:0,(anonymous_1)
DA:1,8
DA:15,8
DA:16,0
DA:18,0
DA:34,0
DA:35,0
DA:69,0
LF:7
LH:2
BRDA:15,0,0,0
BRDA:35,1,0,0
BRDA:35,1,1,0
BRDA:40,2,0,0
BRDA:40,2,1,0
BRDA:42,3,0,0
BRDA:42,3,1,0
BRDA:56,4,0,0
BRDA:56,4,1,0
BRDA:58,5,0,0
BRDA:58,5,1,0
BRDA:59,6,0,0
BRDA:59,6,1,0
BRDA:75,7,0,0
BRDA:75,7,1,0
BRF:15
BRH:0
end_of_record
TN:
SF:src\components\molecules\BuyActions.tsx
FN:4,BuyActions
FN:15,(anonymous_1)
FNF:2
FNH:0
FNDA:0,BuyActions
FNDA:0,(anonymous_1)
DA:1,7
DA:2,7
DA:4,7
DA:11,0
DA:13,0
DA:15,0
LF:6
LH:3
BRDA:6,0,0,0
BRF:1
BRH:0
end_of_record
TN:
SF:src\components\molecules\Pagination.tsx
FN:10,(anonymous_0)
FN:11,(anonymous_1)
FN:13,Pagination
FN:35,(anonymous_3)
FN:47,(anonymous_4)
FN:91,(anonymous_5)
FNF:6
FNH:0
FNDA:0,(anonymous_0)
FNDA:0,(anonymous_1)
FNDA:0,Pagination
FNDA:0,(anonymous_3)
FNDA:0,(anonymous_4)
FNDA:0,(anonymous_5)
DA:1,8
DA:10,8
DA:11,0
DA:13,8
DA:19,0
DA:21,0
DA:22,0
DA:25,0
DA:26,0
DA:27,0
DA:28,0
DA:29,0
DA:30,0
DA:33,0
DA:35,0
DA:40,0
DA:42,0
DA:47,0
DA:74,0
DA:91,0
LF:20
LH:3
BRDA:17,0,0,0
BRDA:21,1,0,0
BRDA:21,1,1,0
BRDA:29,2,0,0
BRDA:29,2,1,0
BRDA:38,3,0,0
BRDA:40,4,0,0
BRDA:40,4,1,0
BRDA:46,5,0,0
BRDA:46,5,1,0
BRDA:48,6,0,0
BRDA:48,6,1,0
BRDA:52,7,0,0
BRDA:52,7,1,0
BRDA:54,8,0,0
BRDA:54,8,1,0
BRDA:55,9,0,0
BRDA:55,9,1,0
BRDA:57,10,0,0
BRDA:57,10,1,0
BRDA:57,11,0,0
BRDA:57,11,1,0
BRDA:65,12,0,0
BRDA:65,12,1,0
BRDA:66,13,0,0
BRDA:66,13,1,0
BRDA:85,14,0,0
BRDA:85,14,1,0
BRDA:92,15,0,0
BRDA:92,15,1,0
BRF:30
BRH:0
end_of_record
TN:
SF:src\components\molecules\PaymentLink.tsx
FN:3,PaymentLink
FNF:1
FNH:0
FNDA:0,PaymentLink
DA:1,7
DA:3,7
DA:4,0
DA:5,0
LF:4
LH:2
BRF:0
BRH:0
end_of_record
TN:
SF:src\components\molecules\PriceBox.tsx
FN:4,PriceBox
FNF:1
FNH:0
FNDA:0,PriceBox
DA:1,7
DA:4,7
DA:11,0
LF:3
LH:2
BRF:0
BRH:0
end_of_record
TN:
SF:src\components\molecules\ProductHeader.tsx
FN:5,ProductHeader
FN:30,(anonymous_1)
FNF:2
FNH:2
FNDA:2,ProductHeader
FNDA:1,(anonymous_1)
DA:1,8
DA:3,8
DA:5,8
DA:16,2
DA:30,1
LF:5
LH:5
BRF:0
BRH:0
end_of_record
TN:
SF:src\components\molecules\ProductInfo.tsx
FN:9,ProductInfo
FN:45,(anonymous_1)
FNF:2
FNH:0
FNDA:0,ProductInfo
FNDA:0,(anonymous_1)
DA:1,8
DA:2,8
DA:9,8
DA:10,0
DA:12,0
DA:46,0
LF:6
LH:3
BRDA:25,0,0,0
BRDA:25,0,1,0
BRDA:44,1,0,0
BRDA:44,1,1,0
BRF:4
BRH:0
end_of_record
TN:
SF:src\components\molecules\QuantityStepper.tsx
FN:16,QuantityStepper
FN:30,(anonymous_1)
FN:37,(anonymous_2)
FN:91,(anonymous_3)
FN:92,(anonymous_4)
FN:93,(anonymous_5)
FN:97,(anonymous_6)
FN:98,(anonymous_7)
FN:99,(anonymous_8)
FN:100,(anonymous_9)
FN:127,(anonymous_10)
FN:128,(anonymous_11)
FN:129,(anonymous_12)
FN:133,(anonymous_13)
FN:134,(anonymous_14)
FN:135,(anonymous_15)
FN:136,(anonymous_16)
FNF:17
FNH:2
FNDA:2,QuantityStepper
FNDA:0,(anonymous_1)
FNDA:4,(anonymous_2)
FNDA:0,(anonymous_3)
FNDA:0,(anonymous_4)
FNDA:0,(anonymous_5)
FNDA:0,(anonymous_6)
FNDA:0,(anonymous_7)
FNDA:0,(anonymous_8)
FNDA:0,(anonymous_9)
FNDA:0,(anonymous_10)
FNDA:0,(anonymous_11)
FNDA:0,(anonymous_12)
FNDA:0,(anonymous_13)
FNDA:0,(anonymous_14)
FNDA:0,(anonymous_15)
FNDA:0,(anonymous_16)
DA:1,8
DA:2,8
DA:16,8
DA:22,2
DA:23,2
DA:24,2
DA:25,2
DA:27,2
DA:28,2
DA:30,2
DA:31,0
DA:32,0
DA:33,0
DA:34,0
DA:37,2
DA:38,4
DA:39,4
DA:40,4
DA:41,4
DA:42,4
DA:43,4
DA:45,4
DA:75,2
DA:91,0
DA:92,0
DA:94,0
DA:95,0
DA:97,0
DA:98,0
DA:99,0
DA:101,0
DA:102,0
DA:103,0
DA:127,0
DA:128,0
DA:130,0
DA:131,0
DA:133,0
DA:134,0
DA:135,0
DA:137,0
DA:138,0
DA:139,0
LF:43
LH:19
BRDA:18,0,0,2
BRDA:28,1,0,0
BRDA:28,1,1,2
BRDA:32,2,0,0
BRDA:32,2,1,0
BRDA:33,3,0,0
BRDA:33,3,1,0
BRDA:33,4,0,0
BRDA:33,4,1,0
BRDA:52,5,0,0
BRDA:52,5,1,4
BRDA:53,6,0,2
BRDA:53,6,1,2
BRDA:55,7,0,0
BRDA:55,7,1,2
BRDA:57,8,0,0
BRDA:57,8,1,2
BRDA:60,9,0,2
BRDA:60,9,1,2
BRDA:61,10,0,2
BRDA:61,10,1,2
BRDA:65,11,0,0
BRDA:65,11,1,4
BRDA:67,12,0,0
BRDA:67,12,1,4
BRDA:69,13,0,0
BRDA:69,13,1,4
BRF:27
BRH:14
end_of_record
TN:
SF:src\components\molecules\SearchBar.tsx
FN:24,SearchBar
FN:38,(anonymous_1)
FN:42,(anonymous_2)
FN:46,(anonymous_3)
FN:74,(anonymous_4)
FN:75,(anonymous_5)
FN:80,(anonymous_6)
FN:81,(anonymous_7)
FN:82,(anonymous_8)
FN:126,(anonymous_9)
FN:130,(anonymous_10)
FN:131,(anonymous_11)
FN:147,(anonymous_12)
FN:154,(anonymous_13)
FNF:14
FNH:0
FNDA:0,SearchBar
FNDA:0,(anonymous_1)
FNDA:0,(anonymous_2)
FNDA:0,(anonymous_3)
FNDA:0,(anonymous_4)
FNDA:0,(anonymous_5)
FNDA:0,(anonymous_6)
FNDA:0,(anonymous_7)
FNDA:0,(anonymous_8)
FNDA:0,(anonymous_9)
FNDA:0,(anonymous_10)
FNDA:0,(anonymous_11)
FNDA:0,(anonymous_12)
FNDA:0,(anonymous_13)
DA:1,8
DA:2,8
DA:8,8
DA:24,8
DA:32,0
DA:33,0
DA:34,0
DA:36,0
DA:38,0
DA:39,0
DA:40,0
DA:41,0
DA:42,0
DA:46,0
DA:47,0
DA:48,0
DA:51,0
DA:74,0
DA:75,0
DA:80,0
DA:81,0
DA:82,0
DA:127,0
DA:130,0
DA:132,0
DA:133,0
DA:148,0
DA:152,0
DA:155,0
DA:159,0
LF:30
LH:4
BRDA:28,0,0,0
BRDA:29,1,0,0
BRDA:30,2,0,0
BRDA:36,3,0,0
BRDA:36,3,1,0
BRDA:40,4,0,0
BRDA:40,4,1,0
BRDA:67,5,0,0
BRDA:67,5,1,0
BRDA:68,6,0,0
BRDA:68,6,1,0
BRDA:69,7,0,0
BRDA:69,7,1,0
BRDA:102,8,0,0
BRDA:102,8,1,0
BRDA:106,9,0,0
BRDA:106,9,1,0
BRDA:106,9,2,0
BRF:18
BRH:0
end_of_record
TN:
SF:src\components\molecules\SortSelect.tsx
FN:17,SortSelect
FN:36,(anonymous_1)
FN:37,(anonymous_2)
FN:38,(anonymous_3)
FN:39,(anonymous_4)
FN:40,(anonymous_5)
FNF:6
FNH:0
FNDA:0,SortSelect
FNDA:0,(anonymous_1)
FNDA:0,(anonymous_2)
FNDA:0,(anonymous_3)
FNDA:0,(anonymous_4)
FNDA:0,(anonymous_5)
DA:1,8
DA:2,8
DA:17,8
DA:18,0
DA:19,0
DA:20,0
DA:22,0
DA:36,0
DA:37,0
DA:38,0
DA:39,0
DA:40,0
LF:12
LH:3
BRDA:33,0,0,0
BRDA:33,0,1,0
BRDA:43,1,0,0
BRDA:43,1,1,0
BRDA:45,2,0,0
BRDA:45,2,1,0
BRDA:51,3,0,0
BRDA:51,3,1,0
BRF:8
BRH:0
end_of_record
TN:
SF:src\components\molecules\Tabs.tsx
FN:18,Tabs
FN:41,(anonymous_1)
FN:49,(anonymous_2)
FN:93,(anonymous_3)
FNF:4
FNH:0
FNDA:0,Tabs
FNDA:0,(anonymous_1)
FNDA:0,(anonymous_2)
FNDA:0,(anonymous_3)
DA:2,8
DA:18,8
DA:19,0
DA:21,0
DA:42,0
DA:43,0
DA:49,0
DA:93,0
LF:8
LH:2
BRDA:51,0,0,0
BRDA:51,0,1,0
BRDA:59,1,0,0
BRDA:59,1,1,0
BRDA:62,2,0,0
BRDA:62,2,1,0
BRDA:66,3,0,0
BRDA:66,3,1,0
BRDA:70,4,0,0
BRDA:70,4,1,0
BRF:10
BRH:0
end_of_record
TN:
SF:src\components\molecules\Tooltip.tsx
FN:13,Tooltip
FN:23,(anonymous_10)
FN:24,(anonymous_11)
FN:27,(anonymous_12)
FN:32,(anonymous_13)
FN:91,(anonymous_14)
FN:95,(anonymous_15)
FN:99,(anonymous_16)
FN:103,(anonymous_17)
FNF:9
FNH:0
FNDA:0,Tooltip
FNDA:0,(anonymous_10)
FNDA:0,(anonymous_11)
FNDA:0,(anonymous_12)
FNDA:0,(anonymous_13)
FNDA:0,(anonymous_14)
FNDA:0,(anonymous_15)
FNDA:0,(anonymous_16)
FNDA:0,(anonymous_17)
DA:1,8
DA:2,8
DA:13,8
DA:19,0
DA:20,0
DA:21,0
DA:23,0
DA:24,0
DA:27,0
DA:28,0
DA:29,0
DA:32,0
DA:33,0
DA:34,0
DA:38,0
DA:40,0
DA:47,0
DA:54,0
DA:62,0
DA:71,0
DA:72,0
DA:74,0
DA:82,0
DA:92,0
DA:93,0
DA:96,0
DA:97,0
DA:100,0
DA:101,0
DA:104,0
DA:105,0
LF:31
LH:3
BRDA:15,0,0,0
BRDA:17,1,0,0
BRDA:38,2,0,0
BRDA:38,2,1,0
BRDA:38,2,2,0
BRDA:38,2,3,0
BRDA:38,2,4,0
BRDA:72,3,0,0
BRDA:72,3,1,0
BRDA:74,4,0,0
BRDA:74,4,1,0
BRDA:76,5,0,0
BRDA:76,5,1,0
BRDA:78,6,0,0
BRDA:78,6,1,0
BRDA:113,7,0,0
BRDA:113,7,1,0
BRDA:114,8,0,0
BRDA:114,8,1,0
BRF:19
BRH:0
end_of_record
TN:
SF:src\components\molecules\VariantSelector.tsx
FN:22,VariantSelector
FN:37,(anonymous_1)
FN:66,(anonymous_2)
FN:74,(anonymous_3)
FNF:4
FNH:0
FNDA:0,VariantSelector
FNDA:0,(anonymous_1)
FNDA:0,(anonymous_2)
FNDA:0,(anonymous_3)
DA:1,8
DA:22,8
DA:27,0
DA:29,0
DA:38,0
DA:67,0
DA:68,0
DA:69,0
DA:74,0
LF:9
LH:2
BRDA:80,0,0,0
BRDA:80,0,1,0
BRDA:82,1,0,0
BRDA:82,1,1,0
BRDA:85,2,0,0
BRDA:85,2,1,0
BRDA:87,3,0,0
BRDA:87,3,1,0
BRDA:91,4,0,0
BRDA:91,4,1,0
BRDA:97,5,0,0
BRDA:97,5,1,0
BRDA:100,6,0,0
BRDA:100,6,1,0
BRDA:105,7,0,0
BRDA:105,7,1,0
BRF:16
BRH:0
end_of_record
TN:
SF:src\components\organisms\AddToCart.tsx
FN:16,AddToCart
FN:49,(anonymous_1)
FN:60,(anonymous_2)
FNF:3
FNH:2
FNDA:2,AddToCart
FNDA:0,(anonymous_1)
FNDA:1,(anonymous_2)
DA:1,8
DA:2,8
DA:3,8
DA:4,8
DA:5,8
DA:16,8
DA:23,2
DA:26,2
DA:29,2
DA:49,0
DA:60,1
LF:11
LH:10
BRDA:21,0,0,0
BRDA:26,1,0,2
BRDA:26,1,1,2
BRDA:27,2,0,2
BRDA:27,2,1,0
BRDA:36,3,0,2
BRDA:36,3,1,0
BRF:7
BRH:4
end_of_record
TN:
SF:src\components\organisms\AtomsSection.tsx
FN:23,Atoms
FNF:1
FNH:0
FNDA:0,Atoms
DA:1,8
DA:13,8
DA:23,8
DA:30,0
DA:32,0
LF:5
LH:3
BRF:0
BRH:0
end_of_record
TN:
SF:src\components\organisms\CartSheet.tsx
FN:20,CartSheet
FN:48,(anonymous_1)
FN:111,(anonymous_2)
FNF:3
FNH:0
FNDA:0,CartSheet
FNDA:0,(anonymous_1)
FNDA:0,(anonymous_2)
DA:1,8
DA:2,8
DA:3,8
DA:20,8
DA:27,0
DA:29,0
DA:49,0
DA:111,0
LF:8
LH:4
BRDA:43,0,0,0
BRDA:43,0,1,0
BRDA:73,1,0,0
BRDA:73,1,1,0
BRDA:106,2,0,0
BRDA:106,2,1,0
BRF:6
BRH:0
end_of_record
TN:
SF:src\components\organisms\CheckoutSteps.tsx
FN:16,CheckoutSteps
FN:30,(anonymous_1)
FNF:2
FNH:0
FNDA:0,CheckoutSteps
FNDA:0,(anonymous_1)
DA:1,8
DA:16,8
DA:17,0
DA:19,0
DA:31,0
DA:33,0
DA:39,0
LF:7
LH:2
BRDA:33,0,0,0
BRDA:33,0,1,0
BRDA:35,1,0,0
BRDA:35,1,1,0
BRDA:52,2,0,0
BRDA:52,2,1,0
BRDA:90,3,0,0
BRDA:90,3,1,0
BRF:8
BRH:0
end_of_record
TN:
SF:src\components\organisms\Drawer.tsx
FN:17,(anonymous_0)
FN:27,Drawer
FN:37,(anonymous_2)
FN:41,(anonymous_3)
FNF:4
FNH:0
FNDA:0,(anonymous_0)
FNDA:0,Drawer
FNDA:0,(anonymous_2)
FNDA:0,(anonymous_3)
DA:1,8
DA:2,8
DA:3,8
DA:4,8
DA:17,8
DA:18,0
DA:19,0
DA:20,0
DA:21,0
DA:22,0
DA:24,0
DA:27,8
DA:35,0
DA:37,0
DA:38,0
DA:39,0
DA:40,0
DA:41,0
DA:42,0
DA:46,0
DA:47,0
DA:50,0
DA:51,0
DA:54,0
DA:143,0
LF:25
LH:6
BRDA:19,0,0,0
BRDA:19,0,1,0
BRDA:32,1,0,0
BRDA:38,2,0,0
BRDA:38,2,1,0
BRDA:46,3,0,0
BRDA:46,3,1,0
BRDA:46,4,0,0
BRDA:46,4,1,0
BRDA:51,5,0,0
BRDA:51,5,1,0
BRDA:62,6,0,0
BRDA:62,6,1,0
BRDA:84,7,0,0
BRDA:84,7,1,0
BRDA:88,8,0,0
BRDA:88,8,1,0
BRF:17
BRH:0
end_of_record
TN:
SF:src\components\organisms\Modal.tsx
FN:14,(anonymous_0)
FN:24,Modal
FN:33,(anonymous_2)
FN:37,(anonymous_3)
FNF:4
FNH:0
FNDA:0,(anonymous_0)
FNDA:0,Modal
FNDA:0,(anonymous_2)
FNDA:0,(anonymous_3)
DA:1,8
DA:2,8
DA:3,8
DA:4,8
DA:14,8
DA:15,0
DA:16,0
DA:17,0
DA:18,0
DA:19,0
DA:21,0
DA:24,8
DA:31,0
DA:33,0
DA:34,0
DA:35,0
DA:36,0
DA:37,0
DA:38,0
DA:42,0
DA:43,0
DA:46,0
DA:49,0
DA:145,0
LF:24
LH:6
BRDA:16,0,0,0
BRDA:16,0,1,0
BRDA:34,1,0,0
BRDA:34,1,1,0
BRDA:42,2,0,0
BRDA:42,2,1,0
BRDA:42,3,0,0
BRDA:42,3,1,0
BRDA:130,4,0,0
BRDA:130,4,1,0
BRF:10
BRH:0
end_of_record
TN:
SF:src\components\organisms\MoleculesSection.tsx
FN:31,Molecules
FN:83,(anonymous_1)
FN:84,(anonymous_2)
FN:99,(anonymous_3)
FN:112,(anonymous_4)
FN:196,(anonymous_5)
FN:220,(anonymous_6)
FNF:7
FNH:0
FNDA:0,Molecules
FNDA:0,(anonymous_1)
FNDA:0,(anonymous_2)
FNDA:0,(anonymous_3)
FNDA:0,(anonymous_4)
FNDA:0,(anonymous_5)
FNDA:0,(anonymous_6)
DA:1,8
DA:12,8
DA:31,8
DA:44,0
DA:45,0
DA:46,0
DA:48,0
LF:7
LH:3
BRDA:178,0,0,0
BRDA:178,0,1,0
BRF:2
BRH:0
end_of_record
TN:
SF:src\components\organisms\OrganismsSection.tsx
FN:66,Organisms
FN:235,(anonymous_1)
FNF:2
FNH:0
FNDA:0,Organisms
FNDA:0,(anonymous_1)
DA:1,8
DA:2,8
DA:66,8
DA:92,0
DA:94,0
LF:5
LH:3
BRDA:207,0,0,0
BRDA:207,0,1,0
BRF:2
BRH:0
end_of_record
TN:
SF:src\components\organisms\PaymentOptionsModal.tsx
FN:4,PaymentOptionsModal
FNF:1
FNH:0
FNDA:0,PaymentOptionsModal
DA:1,7
DA:2,7
DA:4,7
DA:11,0
DA:12,0
LF:5
LH:3
BRF:0
BRH:0
end_of_record
TN:
SF:src\components\organisms\ProductCard.tsx
FN:33,ProductCard
FN:44,(anonymous_1)
FN:46,(anonymous_2)
FN:52,(anonymous_3)
FN:53,(anonymous_4)
FN:54,(anonymous_5)
FN:83,(anonymous_6)
FN:142,(anonymous_7)
FNF:8
FNH:4
FNDA:2,ProductCard
FNDA:0,(anonymous_1)
FNDA:1,(anonymous_2)
FNDA:0,(anonymous_3)
FNDA:0,(anonymous_4)
FNDA:0,(anonymous_5)
FNDA:1,(anonymous_6)
FNDA:2,(anonymous_7)
DA:1,7
DA:2,7
DA:4,7
DA:5,7
DA:6,7
DA:33,7
DA:41,2
DA:42,2
DA:43,2
DA:44,2
DA:46,2
DA:47,1
DA:50,2
DA:52,0
DA:53,0
DA:54,0
DA:83,1
DA:143,2
LF:18
LH:15
BRDA:38,0,0,1
BRDA:39,1,0,2
BRDA:61,2,0,0
BRDA:61,2,1,2
BRDA:62,3,0,0
BRDA:62,3,1,2
BRDA:67,4,0,0
BRDA:67,4,1,2
BRDA:100,5,0,2
BRDA:100,5,1,0
BRDA:134,6,0,2
BRDA:134,6,1,0
BRDA:134,6,2,2
BRDA:142,7,0,2
BRDA:142,7,1,2
BRF:15
BRH:10
end_of_record
TN:
SF:src\components\organisms\ProductGallery.tsx
FN:19,ProductGallery
FN:38,(anonymous_1)
FN:44,(anonymous_2)
FN:45,(anonymous_3)
FN:54,(anonymous_4)
FN:114,(anonymous_5)
FN:120,(anonymous_6)
FNF:7
FNH:7
FNDA:15,ProductGallery
FNDA:10,(anonymous_1)
FNDA:3,(anonymous_2)
FNDA:4,(anonymous_3)
FNDA:45,(anonymous_4)
FNDA:45,(anonymous_5)
FNDA:3,(anonymous_6)
DA:1,8
DA:2,8
DA:3,8
DA:4,8
DA:5,8
DA:19,8
DA:27,15
DA:28,15
DA:30,15
DA:32,15
DA:33,15
DA:34,15
DA:38,15
DA:39,10
DA:40,10
DA:41,8
DA:44,15
DA:45,15
DA:47,15
DA:51,15
DA:54,15
DA:55,45
DA:57,15
DA:115,45
DA:116,45
DA:120,3
LF:26
LH:26
BRDA:21,0,0,15
BRDA:24,1,0,15
BRDA:25,2,0,0
BRDA:28,3,0,0
BRDA:28,3,1,15
BRDA:34,4,0,3
BRDA:34,4,1,12
BRDA:40,5,0,2
BRDA:40,5,1,8
BRDA:51,6,0,15
BRDA:51,6,1,15
BRDA:55,7,0,45
BRDA:55,7,1,45
BRDA:91,8,0,15
BRDA:91,8,1,0
BRDA:103,9,0,15
BRDA:103,9,1,15
BRDA:122,10,0,15
BRDA:122,10,1,30
BRDA:125,11,0,15
BRDA:125,11,1,30
BRDA:148,12,0,15
BRDA:148,12,1,15
BRDA:148,12,2,15
BRF:24
BRH:21
end_of_record
TN:
SF:src\components\organisms\ProductGrid.tsx
FN:13,ProductGrid
FN:32,(anonymous_1)
FN:40,(anonymous_2)
FN:41,(anonymous_3)
FNF:4
FNH:4
FNDA:3,ProductGrid
FNDA:5,(anonymous_1)
FNDA:1,(anonymous_2)
FNDA:1,(anonymous_3)
DA:2,8
DA:13,8
DA:22,3
DA:24,3
DA:34,5
DA:35,5
DA:40,1
DA:41,1
LF:8
LH:8
BRDA:22,0,0,0
BRDA:22,0,1,3
BRDA:22,1,0,3
BRDA:22,1,1,1
BRDA:34,2,0,2
BRDA:34,2,1,3
BRF:6
BRH:5
end_of_record
TN:
SF:src\components\organisms\ProductInfoSection.tsx
FN:7,ProductInfoSection
FN:57,(anonymous_1)
FNF:2
FNH:0
FNDA:0,ProductInfoSection
FNDA:0,(anonymous_1)
DA:1,8
DA:3,8
DA:4,8
DA:5,8
DA:7,8
DA:16,0
DA:18,0
LF:7
LH:5
BRF:0
BRH:0
end_of_record
TN:
SF:src\components\organisms\PurchaseSection.tsx
FN:10,PurchaseSection
FN:39,(anonymous_1)
FN:48,(anonymous_2)
FN:52,(anonymous_3)
FN:55,(anonymous_4)
FNF:5
FNH:5
FNDA:5,PurchaseSection
FNDA:1,(anonymous_1)
FNDA:1,(anonymous_2)
FNDA:1,(anonymous_3)
FNDA:1,(anonymous_4)
DA:1,8
DA:2,8
DA:3,8
DA:4,8
DA:5,8
DA:6,8
DA:7,8
DA:8,8
DA:10,8
DA:21,5
DA:22,5
DA:24,5
DA:39,1
DA:48,1
DA:52,1
DA:55,1
LF:16
LH:16
BRF:0
BRH:0
end_of_record
TN:
SF:src\components\organisms\ShippingCalculator.tsx
FN:6,ShippingCalculator
FN:51,(anonymous_1)
FN:62,(anonymous_2)
FN:88,(anonymous_3)
FN:113,(anonymous_4)
FNF:5
FNH:0
FNDA:0,ShippingCalculator
FNDA:0,(anonymous_1)
FNDA:0,(anonymous_2)
FNDA:0,(anonymous_3)
FNDA:0,(anonymous_4)
DA:1,7
DA:2,7
DA:3,7
DA:4,7
DA:6,7
DA:7,0
DA:8,0
DA:9,0
DA:11,0
DA:12,0
DA:13,0
DA:28,0
DA:51,0
DA:62,0
DA:89,0
DA:90,0
DA:114,0
LF:17
LH:5
BRDA:46,0,0,0
BRDA:46,0,1,0
BRF:2
BRH:0
end_of_record
TN:
SF:src\components\organisms\Toast.tsx
FN:18,(anonymous_0)
FN:34,Toast
FN:45,(anonymous_2)
FN:48,(anonymous_3)
FNF:4
FNH:0
FNDA:0,(anonymous_0)
FNDA:0,Toast
FNDA:0,(anonymous_2)
FNDA:0,(anonymous_3)
DA:1,8
DA:2,8
DA:3,8
DA:4,8
DA:18,8
DA:19,0
DA:20,0
DA:21,0
DA:22,0
DA:23,0
DA:24,0
DA:25,0
DA:26,0
DA:27,0
DA:28,0
DA:29,0
DA:31,0
DA:34,8
DA:43,0
DA:45,0
DA:46,0
DA:47,0
DA:48,0
DA:51,0
DA:52,0
DA:55,0
DA:62,0
DA:63,0
DA:66,0
DA:185,0
DA:186,0
DA:187,0
DA:188,0
DA:189,0
DA:195,0
DA:198,0
LF:36
LH:6
BRDA:20,0,0,0
BRDA:20,0,1,0
BRDA:39,1,0,0
BRDA:46,2,0,0
BRDA:46,2,1,0
BRDA:46,3,0,0
BRDA:46,3,1,0
BRDA:51,4,0,0
BRDA:51,4,1,0
BRDA:51,5,0,0
BRDA:51,5,1,0
BRDA:102,6,0,0
BRDA:102,6,1,0
BRDA:112,7,0,0
BRDA:112,7,1,0
BRDA:134,8,0,0
BRDA:134,8,1,0
BRDA:137,9,0,0
BRDA:137,9,1,0
BRDA:158,10,0,0
BRDA:158,10,1,0
BRDA:186,11,0,0
BRDA:186,11,1,0
BRF:23
BRH:0
end_of_record
TN:
SF:src\components\templates\ComponentsGallery.tsx
FN:8,Section
FN:53,ComponentsGallery
FN:116,(anonymous_2)
FN:150,(anonymous_3)
FN:152,(anonymous_4)
FN:158,(anonymous_5)
FN:160,(anonymous_6)
FN:161,(anonymous_7)
FN:167,(anonymous_8)
FN:168,(anonymous_9)
FN:172,(anonymous_10)
FN:197,(anonymous_11)
FN:200,(anonymous_12)
FN:238,(anonymous_13)
FN:238,(anonymous_14)
FN:252,(anonymous_15)
FN:253,(anonymous_16)
FN:257,(anonymous_17)
FN:261,(anonymous_18)
FN:267,(anonymous_19)
FN:267,(anonymous_20)
FN:280,(anonymous_21)
FN:281,(anonymous_22)
FN:281,(anonymous_23)
FN:282,(anonymous_24)
FN:283,(anonymous_25)
FN:290,(anonymous_26)
FN:312,(anonymous_27)
FN:313,(anonymous_28)
FN:331,(anonymous_29)
FN:336,(anonymous_30)
FN:337,(anonymous_31)
FN:339,(anonymous_32)
FN:340,(anonymous_33)
FN:342,(anonymous_34)
FN:343,(anonymous_35)
FN:346,(anonymous_36)
FN:346,(anonymous_37)
FNF:38
FNH:0
FNDA:0,Section
FNDA:0,ComponentsGallery
FNDA:0,(anonymous_2)
FNDA:0,(anonymous_3)
FNDA:0,(anonymous_4)
FNDA:0,(anonymous_5)
FNDA:0,(anonymous_6)
FNDA:0,(anonymous_7)
FNDA:0,(anonymous_8)
FNDA:0,(anonymous_9)
FNDA:0,(anonymous_10)
FNDA:0,(anonymous_11)
FNDA:0,(anonymous_12)
FNDA:0,(anonymous_13)
FNDA:0,(anonymous_14)
FNDA:0,(anonymous_15)
FNDA:0,(anonymous_16)
FNDA:0,(anonymous_17)
FNDA:0,(anonymous_18)
FNDA:0,(anonymous_19)
FNDA:0,(anonymous_20)
FNDA:0,(anonymous_21)
FNDA:0,(anonymous_22)
FNDA:0,(anonymous_23)
FNDA:0,(anonymous_24)
FNDA:0,(anonymous_25)
FNDA:0,(anonymous_26)
FNDA:0,(anonymous_27)
FNDA:0,(anonymous_28)
FNDA:0,(anonymous_29)
FNDA:0,(anonymous_30)
FNDA:0,(anonymous_31)
FNDA:0,(anonymous_32)
FNDA:0,(anonymous_33)
FNDA:0,(anonymous_34)
FNDA:0,(anonymous_35)
FNDA:0,(anonymous_36)
FNDA:0,(anonymous_37)
DA:1,8
DA:2,8
DA:3,8
DA:4,8
DA:5,8
DA:14,0
DA:16,0
DA:53,8
DA:54,0
DA:56,0
DA:59,0
DA:67,0
DA:78,0
DA:79,0
DA:80,0
DA:81,0
DA:82,0
DA:83,0
DA:84,0
DA:88,0
DA:89,0
DA:90,0
DA:91,0
DA:92,0
DA:94,0
DA:100,0
DA:115,0
DA:116,0
DA:141,0
DA:147,0
DA:148,0
DA:150,0
DA:151,0
DA:152,0
DA:154,0
DA:155,0
DA:157,0
DA:159,0
DA:160,0
DA:161,0
DA:162,0
DA:167,0
DA:168,0
DA:172,0
DA:173,0
DA:174,0
DA:175,0
DA:178,0
DA:198,0
DA:200,0
DA:238,0
DA:253,0
DA:258,0
DA:259,0
DA:262,0
DA:263,0
DA:267,0
DA:280,0
DA:281,0
DA:283,0
DA:284,0
DA:290,0
DA:312,0
DA:313,0
DA:332,0
DA:333,0
DA:336,0
DA:337,0
DA:339,0
DA:340,0
DA:342,0
DA:343,0
DA:346,0
LF:73
LH:6
BRDA:34,0,0,0
BRDA:34,0,1,0
BRDA:62,1,0,0
BRDA:62,1,1,0
BRDA:68,2,0,0
BRDA:68,2,1,0
BRDA:69,3,0,0
BRDA:69,3,1,0
BRDA:154,4,0,0
BRDA:154,4,1,0
BRDA:162,5,0,0
BRDA:162,5,1,0
BRDA:174,6,0,0
BRDA:174,6,1,0
BRDA:206,7,0,0
BRDA:206,7,1,0
BRDA:207,8,0,0
BRDA:207,8,1,0
BRF:18
BRH:0
end_of_record
TN:
SF:src\components\templates\ProductDetail.tsx
FN:15,ProductDetail
FN:30,(anonymous_1)
FN:36,(anonymous_2)
FNF:3
FNH:0
FNDA:0,ProductDetail
FNDA:0,(anonymous_1)
FNDA:0,(anonymous_2)
DA:1,8
DA:2,8
DA:4,8
DA:5,8
DA:6,8
DA:15,8
DA:21,0
DA:23,0
DA:30,0
DA:34,0
DA:36,0
DA:37,0
DA:40,0
LF:13
LH:6
BRDA:27,0,0,0
BRDA:27,0,1,0
BRDA:27,1,0,0
BRDA:27,1,1,0
BRDA:30,2,0,0
BRDA:30,2,1,0
BRDA:48,3,0,0
BRDA:48,3,1,0
BRDA:48,4,0,0
BRDA:48,4,1,0
BRF:10
BRH:0
end_of_record
TN:
SF:src\test-utils\helpers.tsx
FN:5,(anonymous_0)
FN:11,(anonymous_1)
FNF:2
FNH:2
FNDA:20,(anonymous_0)
FNDA:2,(anonymous_1)
DA:2,8
DA:3,8
DA:5,8
DA:6,20
DA:11,8
DA:15,2
LF:6
LH:6
BRDA:14,0,0,2
BRDA:18,1,0,2
BRDA:18,1,1,2
BRF:3
BRH:3
end_of_record
TN:
SF:src\themes\clothingShop.ts
FNF:0
FNH:0
DA:1,8
DA:8,8
DA:15,8
DA:26,8
LF:4
LH:4
BRF:0
BRH:0
end_of_record
TN:
SF:src\themes\drugstoreShop.ts
FNF:0
FNH:0
DA:1,8
DA:3,8
DA:10,8
DA:21,8
LF:4
LH:4
BRF:0
BRH:0
end_of_record
TN:
SF:src\themes\electronicsShop.ts
FNF:0
FNH:0
DA:1,8
DA:8,8
DA:15,8
DA:26,8
LF:4
LH:4
BRF:0
BRH:0
end_of_record
TN:
SF:src\themes\index.ts
FNF:0
FNH:0
DA:1,8
DA:2,8
DA:3,8
DA:4,8
DA:5,8
LF:5
LH:5
BRF:0
BRH:0
end_of_record
TN:
SF:src\themes\petShop.ts
FNF:0
FNH:0
DA:1,8
DA:3,8
DA:10,8
DA:21,8
LF:4
LH:4
BRF:0
BRH:0
end_of_record
TN:
SF:src\themes\toyShop.ts
FNF:0
FNH:0
DA:1,8
DA:3,8
DA:10,8
DA:21,8
LF:4
LH:4
BRF:0
BRH:0
end_of_record
